[2025-10-07T02:34:21.742+0000] {local_task_job_runner.py:123} INFO - ::group::Pre task execution logs
[2025-10-07T02:34:21.747+0000] {taskinstance.py:2612} INFO - Dependencies all met for dep_context=non-requeueable deps ti=<TaskInstance: ETL.load_records manual__2025-10-07T02:34:19.600085+00:00 [queued]>
[2025-10-07T02:34:21.749+0000] {taskinstance.py:2612} INFO - Dependencies all met for dep_context=requeueable deps ti=<TaskInstance: ETL.load_records manual__2025-10-07T02:34:19.600085+00:00 [queued]>
[2025-10-07T02:34:21.749+0000] {taskinstance.py:2865} INFO - Starting attempt 1 of 1
[2025-10-07T02:34:21.753+0000] {taskinstance.py:2888} INFO - Executing <Task(_PythonDecoratedOperator): load_records> on 2025-10-07 02:34:19.600085+00:00
[2025-10-07T02:34:21.756+0000] {logging_mixin.py:190} WARNING - /home/***/.local/lib/python3.12/site-packages/***/task/task_runner/standard_task_runner.py:70 DeprecationWarning: This process (pid=55444) is multi-threaded, use of fork() may lead to deadlocks in the child.
[2025-10-07T02:34:21.756+0000] {standard_task_runner.py:72} INFO - Started process 55447 to run task
[2025-10-07T02:34:21.756+0000] {standard_task_runner.py:104} INFO - Running: ['***', 'tasks', 'run', 'ETL', 'load_records', 'manual__2025-10-07T02:34:19.600085+00:00', '--job-id', '123', '--raw', '--subdir', 'DAGS_FOLDER/ETL.py', '--cfg-path', '/tmp/tmpt1dqt33_']
[2025-10-07T02:34:21.757+0000] {standard_task_runner.py:105} INFO - Job 123: Subtask load_records
[2025-10-07T02:34:21.860+0000] {task_command.py:467} INFO - Running <TaskInstance: ETL.load_records manual__2025-10-07T02:34:19.600085+00:00 [running]> on host b99170a1b783
[2025-10-07T02:34:21.920+0000] {taskinstance.py:3131} INFO - Exporting env vars: AIRFLOW_CTX_DAG_OWNER='***' AIRFLOW_CTX_DAG_ID='ETL' AIRFLOW_CTX_TASK_ID='load_records' AIRFLOW_CTX_EXECUTION_DATE='2025-10-07T02:34:19.600085+00:00' AIRFLOW_CTX_TRY_NUMBER='1' AIRFLOW_CTX_DAG_RUN_ID='manual__2025-10-07T02:34:19.600085+00:00'
[2025-10-07T02:34:21.920+0000] {taskinstance.py:731} INFO - ::endgroup::
[2025-10-07T02:34:21.925+0000] {base.py:84} INFO - Retrieving connection 'snowflake_conn'
[2025-10-07T02:34:21.925+0000] {connection.py:413} INFO - Snowflake Connector for Python Version: 3.12.1, Python Version: 3.12.5, Platform: Linux-6.10.14-linuxkit-aarch64-with-glibc2.36
[2025-10-07T02:34:21.925+0000] {connection.py:1196} INFO - Connecting to GLOBAL Snowflake domain
[2025-10-07T02:34:21.925+0000] {connection.py:1277} INFO - This connection is in OCSP Fail Open Mode. TLS Certificates would be checked for validity and revocation status. Any other Certificate Revocation related exceptions or OCSP Responder failures would be disregarded in favor of connectivity.
[2025-10-07T02:34:22.228+0000] {base.py:84} INFO - Retrieving connection 'snowflake_conn'
[2025-10-07T02:34:22.229+0000] {connection.py:413} INFO - Snowflake Connector for Python Version: 3.12.1, Python Version: 3.12.5, Platform: Linux-6.10.14-linuxkit-aarch64-with-glibc2.36
[2025-10-07T02:34:22.230+0000] {connection.py:1196} INFO - Connecting to GLOBAL Snowflake domain
[2025-10-07T02:34:22.230+0000] {connection.py:1277} INFO - This connection is in OCSP Fail Open Mode. TLS Certificates would be checked for validity and revocation status. Any other Certificate Revocation related exceptions or OCSP Responder failures would be disregarded in favor of connectivity.
[2025-10-07T02:34:23.614+0000] {cursor.py:1156} INFO - Number of results in first chunk: 1
[2025-10-07T02:34:23.704+0000] {cursor.py:1156} INFO - Number of results in first chunk: 1
[2025-10-07T02:34:23.705+0000] {connection.py:788} INFO - closed
[2025-10-07T02:34:23.774+0000] {connection.py:794} INFO - No async queries seem to be running, deleting session
[2025-10-07T02:41:40.239+0000] {cursor.py:1156} INFO - Number of results in first chunk: 1
[2025-10-07T02:41:40.245+0000] {connection.py:788} INFO - closed
[2025-10-07T02:41:40.291+0000] {connection.py:794} INFO - No async queries seem to be running, deleting session
[2025-10-07T02:41:40.380+0000] {python.py:240} INFO - Done. Returned value was: None
[2025-10-07T02:41:40.398+0000] {taskinstance.py:340} INFO - ::group::Post task execution logs
[2025-10-07T02:41:40.398+0000] {taskinstance.py:352} INFO - Marking task as SUCCESS. dag_id=ETL, task_id=load_records, run_id=manual__2025-10-07T02:34:19.600085+00:00, execution_date=20251007T023419, start_date=20251007T023421, end_date=20251007T024140
[2025-10-07T02:41:40.428+0000] {local_task_job_runner.py:266} INFO - Task exited with return code 0
[2025-10-07T02:41:40.439+0000] {taskinstance.py:3900} INFO - 0 downstream tasks scheduled from follow-on schedule check
[2025-10-07T02:41:40.440+0000] {local_task_job_runner.py:245} INFO - ::endgroup::
