[2025-10-07T03:30:01.242+0000] {local_task_job_runner.py:123} INFO - ::group::Pre task execution logs
[2025-10-07T03:30:01.247+0000] {taskinstance.py:2612} INFO - Dependencies all met for dep_context=non-requeueable deps ti=<TaskInstance: stock_price_forecast_pipeline.train scheduled__2025-10-06T03:30:00+00:00 [queued]>
[2025-10-07T03:30:01.250+0000] {taskinstance.py:2612} INFO - Dependencies all met for dep_context=requeueable deps ti=<TaskInstance: stock_price_forecast_pipeline.train scheduled__2025-10-06T03:30:00+00:00 [queued]>
[2025-10-07T03:30:01.250+0000] {taskinstance.py:2865} INFO - Starting attempt 1 of 1
[2025-10-07T03:30:01.254+0000] {taskinstance.py:2888} INFO - Executing <Task(_PythonDecoratedOperator): train> on 2025-10-06 03:30:00+00:00
[2025-10-07T03:30:01.257+0000] {logging_mixin.py:190} WARNING - /home/***/.local/lib/python3.12/site-packages/***/task/task_runner/standard_task_runner.py:70 DeprecationWarning: This process (pid=56728) is multi-threaded, use of fork() may lead to deadlocks in the child.
[2025-10-07T03:30:01.257+0000] {standard_task_runner.py:72} INFO - Started process 56731 to run task
[2025-10-07T03:30:01.257+0000] {standard_task_runner.py:104} INFO - Running: ['***', 'tasks', 'run', 'stock_price_forecast_pipeline', 'train', 'scheduled__2025-10-06T03:30:00+00:00', '--job-id', '132', '--raw', '--subdir', 'DAGS_FOLDER/stock_price_forecast_pipeline.py', '--cfg-path', '/tmp/tmpugmpjr5t']
[2025-10-07T03:30:01.258+0000] {standard_task_runner.py:105} INFO - Job 132: Subtask train
[2025-10-07T03:30:01.364+0000] {task_command.py:467} INFO - Running <TaskInstance: stock_price_forecast_pipeline.train scheduled__2025-10-06T03:30:00+00:00 [running]> on host b99170a1b783
[2025-10-07T03:30:01.386+0000] {taskinstance.py:3131} INFO - Exporting env vars: AIRFLOW_CTX_DAG_OWNER='***' AIRFLOW_CTX_DAG_ID='stock_price_forecast_pipeline' AIRFLOW_CTX_TASK_ID='train' AIRFLOW_CTX_EXECUTION_DATE='2025-10-06T03:30:00+00:00' AIRFLOW_CTX_TRY_NUMBER='1' AIRFLOW_CTX_DAG_RUN_ID='scheduled__2025-10-06T03:30:00+00:00'
[2025-10-07T03:30:01.386+0000] {taskinstance.py:731} INFO - ::endgroup::
[2025-10-07T03:30:01.390+0000] {base.py:84} INFO - Retrieving connection 'snowflake_conn'
[2025-10-07T03:30:01.390+0000] {connection.py:413} INFO - Snowflake Connector for Python Version: 3.12.1, Python Version: 3.12.5, Platform: Linux-6.10.14-linuxkit-aarch64-with-glibc2.36
[2025-10-07T03:30:01.390+0000] {connection.py:1196} INFO - Connecting to GLOBAL Snowflake domain
[2025-10-07T03:30:01.390+0000] {connection.py:1277} INFO - This connection is in OCSP Fail Open Mode. TLS Certificates would be checked for validity and revocation status. Any other Certificate Revocation related exceptions or OCSP Responder failures would be disregarded in favor of connectivity.
[2025-10-07T03:30:02.521+0000] {cursor.py:1156} INFO - Number of results in first chunk: 1
[2025-10-07T03:31:29.046+0000] {cursor.py:1156} INFO - Number of results in first chunk: 1
[2025-10-07T03:31:30.503+0000] {cursor.py:1156} INFO - Number of results in first chunk: 14
[2025-10-07T03:31:30.598+0000] {cursor.py:1156} INFO - Number of results in first chunk: 1
[2025-10-07T03:31:30.598+0000] {connection.py:788} INFO - closed
[2025-10-07T03:31:30.657+0000] {connection.py:794} INFO - No async queries seem to be running, deleting session
[2025-10-07T03:31:30.740+0000] {python.py:240} INFO - Done. Returned value was: None
[2025-10-07T03:31:30.759+0000] {taskinstance.py:340} INFO - ::group::Post task execution logs
[2025-10-07T03:31:30.759+0000] {taskinstance.py:352} INFO - Marking task as SUCCESS. dag_id=stock_price_forecast_pipeline, task_id=train, run_id=scheduled__2025-10-06T03:30:00+00:00, execution_date=20251006T033000, start_date=20251007T033001, end_date=20251007T033130
[2025-10-07T03:31:30.782+0000] {local_task_job_runner.py:266} INFO - Task exited with return code 0
[2025-10-07T03:31:30.799+0000] {taskinstance.py:3900} INFO - 1 downstream tasks scheduled from follow-on schedule check
[2025-10-07T03:31:30.800+0000] {local_task_job_runner.py:245} INFO - ::endgroup::
[2025-10-07T03:34:55.982+0000] {local_task_job_runner.py:123} INFO - ::group::Pre task execution logs
[2025-10-07T03:34:55.988+0000] {taskinstance.py:2612} INFO - Dependencies all met for dep_context=non-requeueable deps ti=<TaskInstance: stock_price_forecast_pipeline.train scheduled__2025-10-06T03:30:00+00:00 [queued]>
[2025-10-07T03:34:55.990+0000] {taskinstance.py:2612} INFO - Dependencies all met for dep_context=requeueable deps ti=<TaskInstance: stock_price_forecast_pipeline.train scheduled__2025-10-06T03:30:00+00:00 [queued]>
[2025-10-07T03:34:55.990+0000] {taskinstance.py:2865} INFO - Starting attempt 1 of 1
[2025-10-07T03:34:55.995+0000] {taskinstance.py:2888} INFO - Executing <Task(_PythonDecoratedOperator): train> on 2025-10-06 03:30:00+00:00
[2025-10-07T03:34:55.999+0000] {logging_mixin.py:190} WARNING - /home/***/.local/lib/python3.12/site-packages/***/task/task_runner/standard_task_runner.py:70 DeprecationWarning: This process (pid=57030) is multi-threaded, use of fork() may lead to deadlocks in the child.
[2025-10-07T03:34:56.000+0000] {standard_task_runner.py:72} INFO - Started process 57033 to run task
[2025-10-07T03:34:56.000+0000] {standard_task_runner.py:104} INFO - Running: ['***', 'tasks', 'run', 'stock_price_forecast_pipeline', 'train', 'scheduled__2025-10-06T03:30:00+00:00', '--job-id', '139', '--raw', '--subdir', 'DAGS_FOLDER/stock_price_forecast_pipeline.py', '--cfg-path', '/tmp/tmp82wk_hws']
[2025-10-07T03:34:56.002+0000] {standard_task_runner.py:105} INFO - Job 139: Subtask train
[2025-10-07T03:34:56.153+0000] {task_command.py:467} INFO - Running <TaskInstance: stock_price_forecast_pipeline.train scheduled__2025-10-06T03:30:00+00:00 [running]> on host b99170a1b783
[2025-10-07T03:34:56.178+0000] {taskinstance.py:3131} INFO - Exporting env vars: AIRFLOW_CTX_DAG_OWNER='***' AIRFLOW_CTX_DAG_ID='stock_price_forecast_pipeline' AIRFLOW_CTX_TASK_ID='train' AIRFLOW_CTX_EXECUTION_DATE='2025-10-06T03:30:00+00:00' AIRFLOW_CTX_TRY_NUMBER='1' AIRFLOW_CTX_DAG_RUN_ID='scheduled__2025-10-06T03:30:00+00:00'
[2025-10-07T03:34:56.179+0000] {taskinstance.py:731} INFO - ::endgroup::
[2025-10-07T03:34:56.183+0000] {base.py:84} INFO - Retrieving connection 'snowflake_conn'
[2025-10-07T03:34:56.183+0000] {connection.py:413} INFO - Snowflake Connector for Python Version: 3.12.1, Python Version: 3.12.5, Platform: Linux-6.10.14-linuxkit-aarch64-with-glibc2.36
[2025-10-07T03:34:56.183+0000] {connection.py:1196} INFO - Connecting to GLOBAL Snowflake domain
[2025-10-07T03:34:56.183+0000] {connection.py:1277} INFO - This connection is in OCSP Fail Open Mode. TLS Certificates would be checked for validity and revocation status. Any other Certificate Revocation related exceptions or OCSP Responder failures would be disregarded in favor of connectivity.
[2025-10-07T03:34:56.865+0000] {cursor.py:1156} INFO - Number of results in first chunk: 1
[2025-10-07T03:36:00.833+0000] {cursor.py:1156} INFO - Number of results in first chunk: 1
[2025-10-07T03:36:02.320+0000] {cursor.py:1156} INFO - Number of results in first chunk: 14
[2025-10-07T03:36:02.447+0000] {cursor.py:1156} INFO - Number of results in first chunk: 1
[2025-10-07T03:36:02.448+0000] {connection.py:788} INFO - closed
[2025-10-07T03:36:02.504+0000] {connection.py:794} INFO - No async queries seem to be running, deleting session
[2025-10-07T03:36:02.586+0000] {python.py:240} INFO - Done. Returned value was: None
[2025-10-07T03:36:02.598+0000] {taskinstance.py:340} INFO - ::group::Post task execution logs
[2025-10-07T03:36:02.599+0000] {taskinstance.py:352} INFO - Marking task as SUCCESS. dag_id=stock_price_forecast_pipeline, task_id=train, run_id=scheduled__2025-10-06T03:30:00+00:00, execution_date=20251006T033000, start_date=20251007T033455, end_date=20251007T033602
[2025-10-07T03:36:02.615+0000] {local_task_job_runner.py:266} INFO - Task exited with return code 0
[2025-10-07T03:36:02.625+0000] {taskinstance.py:3900} INFO - 1 downstream tasks scheduled from follow-on schedule check
[2025-10-07T03:36:02.626+0000] {local_task_job_runner.py:245} INFO - ::endgroup::
