[2025-10-07T03:34:43.888+0000] {local_task_job_runner.py:123} INFO - ::group::Pre task execution logs
[2025-10-07T03:34:43.895+0000] {taskinstance.py:2612} INFO - Dependencies all met for dep_context=non-requeueable deps ti=<TaskInstance: stock_price_elt_daily.download_stock_data manual__2025-10-07T03:34:42.239442+00:00 [queued]>
[2025-10-07T03:34:43.899+0000] {taskinstance.py:2612} INFO - Dependencies all met for dep_context=requeueable deps ti=<TaskInstance: stock_price_elt_daily.download_stock_data manual__2025-10-07T03:34:42.239442+00:00 [queued]>
[2025-10-07T03:34:43.899+0000] {taskinstance.py:2865} INFO - Starting attempt 1 of 1
[2025-10-07T03:34:43.905+0000] {taskinstance.py:2888} INFO - Executing <Task(_PythonDecoratedOperator): download_stock_data> on 2025-10-07 03:34:42.239442+00:00
[2025-10-07T03:34:43.909+0000] {standard_task_runner.py:104} INFO - Running: ['***', 'tasks', 'run', 'stock_price_elt_daily', 'download_stock_data', 'manual__2025-10-07T03:34:42.239442+00:00', '--job-id', '135', '--raw', '--subdir', 'DAGS_FOLDER/stock_price_elt_daily.py', '--cfg-path', '/tmp/tmpiwbqe982']
[2025-10-07T03:34:43.911+0000] {standard_task_runner.py:105} INFO - Job 135: Subtask download_stock_data
[2025-10-07T03:34:43.911+0000] {logging_mixin.py:190} WARNING - /home/***/.local/lib/python3.12/site-packages/***/task/task_runner/standard_task_runner.py:70 DeprecationWarning: This process (pid=56983) is multi-threaded, use of fork() may lead to deadlocks in the child.
[2025-10-07T03:34:43.912+0000] {standard_task_runner.py:72} INFO - Started process 56988 to run task
[2025-10-07T03:34:44.087+0000] {task_command.py:467} INFO - Running <TaskInstance: stock_price_elt_daily.download_stock_data manual__2025-10-07T03:34:42.239442+00:00 [running]> on host b99170a1b783
[2025-10-07T03:34:44.113+0000] {taskinstance.py:3131} INFO - Exporting env vars: AIRFLOW_CTX_DAG_OWNER='***' AIRFLOW_CTX_DAG_ID='stock_price_elt_daily' AIRFLOW_CTX_TASK_ID='download_stock_data' AIRFLOW_CTX_EXECUTION_DATE='2025-10-07T03:34:42.239442+00:00' AIRFLOW_CTX_TRY_NUMBER='1' AIRFLOW_CTX_DAG_RUN_ID='manual__2025-10-07T03:34:42.239442+00:00'
[2025-10-07T03:34:44.113+0000] {taskinstance.py:731} INFO - ::endgroup::
[2025-10-07T03:34:44.115+0000] {logging_mixin.py:190} WARNING - /opt/***/dags/stock_price_elt_daily.py:16 FutureWarning: YF.download() has changed argument auto_adjust default to True
[2025-10-07T03:34:44.462+0000] {logging_mixin.py:190} WARNING - [                       0%                       ]
[2025-10-07T03:34:44.462+0000] {logging_mixin.py:190} WARNING - [*********************100%***********************]  2 of 2 completed
[2025-10-07T03:34:44.465+0000] {python.py:240} INFO - Done. Returned value was: Price            Close              ...     Volume           
Ticker            NVDA        TSLA  ...       NVDA       TSLA
Date                                ...                      
2025-01-17  137.680008  426.500000  ...  201188800   94991400
2025-01-21  140.799332  424.070007  ...  197749000   87320900
2025-01-22  147.037994  415.109985  ...  237651400   60963300
2025-01-23  147.187943  412.380005  ...  155915500   50690600
2025-01-24  142.588928  406.579987  ...  234657600   56427100
...                ...         ...  ...        ...        ...
2025-09-30  186.580002  444.720001  ...  236981000   74358000
2025-10-01  187.240005  459.459991  ...  173844900   98122300
2025-10-02  188.889999  436.000000  ...  136805800  137009000
2025-10-03  187.619995  429.829987  ...  137596900  133188200
2025-10-06  185.539993  453.250000  ...  156436000   84866800

[180 rows x 10 columns]
[2025-10-07T03:34:44.489+0000] {taskinstance.py:340} INFO - ::group::Post task execution logs
[2025-10-07T03:34:44.489+0000] {taskinstance.py:352} INFO - Marking task as SUCCESS. dag_id=stock_price_elt_daily, task_id=download_stock_data, run_id=manual__2025-10-07T03:34:42.239442+00:00, execution_date=20251007T033442, start_date=20251007T033443, end_date=20251007T033444
[2025-10-07T03:34:44.508+0000] {local_task_job_runner.py:266} INFO - Task exited with return code 0
[2025-10-07T03:34:44.602+0000] {taskinstance.py:3900} INFO - 1 downstream tasks scheduled from follow-on schedule check
[2025-10-07T03:34:44.603+0000] {local_task_job_runner.py:245} INFO - ::endgroup::
