[2025-10-07T03:23:42.053+0000] {processor.py:186} INFO - Started process (PID=56375) to work on /opt/airflow/dags/stock_price_forecast_pipeline.py
[2025-10-07T03:23:42.054+0000] {processor.py:914} INFO - Processing file /opt/airflow/dags/stock_price_forecast_pipeline.py for tasks to queue
[2025-10-07T03:23:42.055+0000] {logging_mixin.py:190} INFO - [2025-10-07T03:23:42.054+0000] {dagbag.py:587} INFO - Filling up the DagBag from /opt/airflow/dags/stock_price_forecast_pipeline.py
[2025-10-07T03:23:42.335+0000] {processor.py:925} INFO - DAG(s) 'stock_price_forecast_pipeline' retrieved from /opt/airflow/dags/stock_price_forecast_pipeline.py
[2025-10-07T03:23:42.374+0000] {logging_mixin.py:190} INFO - [2025-10-07T03:23:42.374+0000] {dag.py:3229} INFO - Sync 1 DAGs
[2025-10-07T03:23:42.381+0000] {logging_mixin.py:190} INFO - [2025-10-07T03:23:42.381+0000] {dag.py:4156} INFO - Setting next_dagrun for stock_price_forecast_pipeline to 2025-10-06 03:30:00+00:00, run_after=2025-10-07 03:30:00+00:00
[2025-10-07T03:23:42.387+0000] {processor.py:208} INFO - Processing /opt/airflow/dags/stock_price_forecast_pipeline.py took 0.339 seconds
[2025-10-07T03:24:12.473+0000] {processor.py:186} INFO - Started process (PID=56401) to work on /opt/airflow/dags/stock_price_forecast_pipeline.py
[2025-10-07T03:24:12.474+0000] {processor.py:914} INFO - Processing file /opt/airflow/dags/stock_price_forecast_pipeline.py for tasks to queue
[2025-10-07T03:24:12.474+0000] {logging_mixin.py:190} INFO - [2025-10-07T03:24:12.474+0000] {dagbag.py:587} INFO - Filling up the DagBag from /opt/airflow/dags/stock_price_forecast_pipeline.py
[2025-10-07T03:24:12.855+0000] {processor.py:925} INFO - DAG(s) 'stock_price_forecast_pipeline' retrieved from /opt/airflow/dags/stock_price_forecast_pipeline.py
[2025-10-07T03:24:12.869+0000] {logging_mixin.py:190} INFO - [2025-10-07T03:24:12.869+0000] {dag.py:3229} INFO - Sync 1 DAGs
[2025-10-07T03:24:12.879+0000] {logging_mixin.py:190} INFO - [2025-10-07T03:24:12.878+0000] {dag.py:4156} INFO - Setting next_dagrun for stock_price_forecast_pipeline to 2025-10-06 03:30:00+00:00, run_after=2025-10-07 03:30:00+00:00
[2025-10-07T03:24:12.887+0000] {processor.py:208} INFO - Processing /opt/airflow/dags/stock_price_forecast_pipeline.py took 0.420 seconds
[2025-10-07T03:24:43.302+0000] {processor.py:186} INFO - Started process (PID=56427) to work on /opt/airflow/dags/stock_price_forecast_pipeline.py
[2025-10-07T03:24:43.303+0000] {processor.py:914} INFO - Processing file /opt/airflow/dags/stock_price_forecast_pipeline.py for tasks to queue
[2025-10-07T03:24:43.304+0000] {logging_mixin.py:190} INFO - [2025-10-07T03:24:43.303+0000] {dagbag.py:587} INFO - Filling up the DagBag from /opt/airflow/dags/stock_price_forecast_pipeline.py
[2025-10-07T03:24:43.540+0000] {processor.py:925} INFO - DAG(s) 'stock_price_forecast_pipeline' retrieved from /opt/airflow/dags/stock_price_forecast_pipeline.py
[2025-10-07T03:24:43.548+0000] {logging_mixin.py:190} INFO - [2025-10-07T03:24:43.547+0000] {dag.py:3229} INFO - Sync 1 DAGs
[2025-10-07T03:24:43.555+0000] {logging_mixin.py:190} INFO - [2025-10-07T03:24:43.555+0000] {dag.py:4156} INFO - Setting next_dagrun for stock_price_forecast_pipeline to 2025-10-06 03:30:00+00:00, run_after=2025-10-07 03:30:00+00:00
[2025-10-07T03:24:43.560+0000] {processor.py:208} INFO - Processing /opt/airflow/dags/stock_price_forecast_pipeline.py took 0.263 seconds
[2025-10-07T03:25:14.022+0000] {processor.py:186} INFO - Started process (PID=56453) to work on /opt/airflow/dags/stock_price_forecast_pipeline.py
[2025-10-07T03:25:14.023+0000] {processor.py:914} INFO - Processing file /opt/airflow/dags/stock_price_forecast_pipeline.py for tasks to queue
[2025-10-07T03:25:14.024+0000] {logging_mixin.py:190} INFO - [2025-10-07T03:25:14.024+0000] {dagbag.py:587} INFO - Filling up the DagBag from /opt/airflow/dags/stock_price_forecast_pipeline.py
[2025-10-07T03:25:14.271+0000] {processor.py:925} INFO - DAG(s) 'stock_price_forecast_pipeline' retrieved from /opt/airflow/dags/stock_price_forecast_pipeline.py
[2025-10-07T03:25:14.280+0000] {logging_mixin.py:190} INFO - [2025-10-07T03:25:14.280+0000] {dag.py:3229} INFO - Sync 1 DAGs
[2025-10-07T03:25:14.287+0000] {logging_mixin.py:190} INFO - [2025-10-07T03:25:14.287+0000] {dag.py:4156} INFO - Setting next_dagrun for stock_price_forecast_pipeline to 2025-10-06 03:30:00+00:00, run_after=2025-10-07 03:30:00+00:00
[2025-10-07T03:25:14.293+0000] {processor.py:208} INFO - Processing /opt/airflow/dags/stock_price_forecast_pipeline.py took 0.277 seconds
[2025-10-07T03:25:44.796+0000] {processor.py:186} INFO - Started process (PID=56484) to work on /opt/airflow/dags/stock_price_forecast_pipeline.py
[2025-10-07T03:25:44.798+0000] {processor.py:914} INFO - Processing file /opt/airflow/dags/stock_price_forecast_pipeline.py for tasks to queue
[2025-10-07T03:25:44.799+0000] {logging_mixin.py:190} INFO - [2025-10-07T03:25:44.798+0000] {dagbag.py:587} INFO - Filling up the DagBag from /opt/airflow/dags/stock_price_forecast_pipeline.py
[2025-10-07T03:25:45.051+0000] {processor.py:925} INFO - DAG(s) 'stock_price_forecast_pipeline' retrieved from /opt/airflow/dags/stock_price_forecast_pipeline.py
[2025-10-07T03:25:45.059+0000] {logging_mixin.py:190} INFO - [2025-10-07T03:25:45.059+0000] {dag.py:3229} INFO - Sync 1 DAGs
[2025-10-07T03:25:45.066+0000] {logging_mixin.py:190} INFO - [2025-10-07T03:25:45.066+0000] {dag.py:4156} INFO - Setting next_dagrun for stock_price_forecast_pipeline to 2025-10-06 03:30:00+00:00, run_after=2025-10-07 03:30:00+00:00
[2025-10-07T03:25:45.071+0000] {processor.py:208} INFO - Processing /opt/airflow/dags/stock_price_forecast_pipeline.py took 0.282 seconds
[2025-10-07T03:25:52.165+0000] {processor.py:186} INFO - Started process (PID=56502) to work on /opt/airflow/dags/stock_price_forecast_pipeline.py
[2025-10-07T03:25:52.166+0000] {processor.py:914} INFO - Processing file /opt/airflow/dags/stock_price_forecast_pipeline.py for tasks to queue
[2025-10-07T03:25:52.166+0000] {logging_mixin.py:190} INFO - [2025-10-07T03:25:52.166+0000] {dagbag.py:587} INFO - Filling up the DagBag from /opt/airflow/dags/stock_price_forecast_pipeline.py
[2025-10-07T03:25:52.375+0000] {processor.py:925} INFO - DAG(s) 'stock_price_forecast_pipeline' retrieved from /opt/airflow/dags/stock_price_forecast_pipeline.py
[2025-10-07T03:25:52.383+0000] {logging_mixin.py:190} INFO - [2025-10-07T03:25:52.383+0000] {dag.py:3229} INFO - Sync 1 DAGs
[2025-10-07T03:25:52.390+0000] {logging_mixin.py:190} INFO - [2025-10-07T03:25:52.390+0000] {dag.py:4156} INFO - Setting next_dagrun for stock_price_forecast_pipeline to 2025-10-06 03:30:00+00:00, run_after=2025-10-07 03:30:00+00:00
[2025-10-07T03:25:52.395+0000] {processor.py:208} INFO - Processing /opt/airflow/dags/stock_price_forecast_pipeline.py took 0.232 seconds
[2025-10-07T03:26:22.567+0000] {processor.py:186} INFO - Started process (PID=56515) to work on /opt/airflow/dags/stock_price_forecast_pipeline.py
[2025-10-07T03:26:22.568+0000] {processor.py:914} INFO - Processing file /opt/airflow/dags/stock_price_forecast_pipeline.py for tasks to queue
[2025-10-07T03:26:22.569+0000] {logging_mixin.py:190} INFO - [2025-10-07T03:26:22.568+0000] {dagbag.py:587} INFO - Filling up the DagBag from /opt/airflow/dags/stock_price_forecast_pipeline.py
[2025-10-07T03:26:22.822+0000] {processor.py:925} INFO - DAG(s) 'stock_price_forecast_pipeline' retrieved from /opt/airflow/dags/stock_price_forecast_pipeline.py
[2025-10-07T03:26:22.831+0000] {logging_mixin.py:190} INFO - [2025-10-07T03:26:22.831+0000] {dag.py:3229} INFO - Sync 1 DAGs
[2025-10-07T03:26:22.839+0000] {logging_mixin.py:190} INFO - [2025-10-07T03:26:22.839+0000] {dag.py:4156} INFO - Setting next_dagrun for stock_price_forecast_pipeline to 2025-10-06 03:30:00+00:00, run_after=2025-10-07 03:30:00+00:00
[2025-10-07T03:26:22.844+0000] {processor.py:208} INFO - Processing /opt/airflow/dags/stock_price_forecast_pipeline.py took 0.282 seconds
[2025-10-07T03:26:53.182+0000] {processor.py:186} INFO - Started process (PID=56541) to work on /opt/airflow/dags/stock_price_forecast_pipeline.py
[2025-10-07T03:26:53.183+0000] {processor.py:914} INFO - Processing file /opt/airflow/dags/stock_price_forecast_pipeline.py for tasks to queue
[2025-10-07T03:26:53.185+0000] {logging_mixin.py:190} INFO - [2025-10-07T03:26:53.185+0000] {dagbag.py:587} INFO - Filling up the DagBag from /opt/airflow/dags/stock_price_forecast_pipeline.py
[2025-10-07T03:26:53.514+0000] {processor.py:925} INFO - DAG(s) 'stock_price_forecast_pipeline' retrieved from /opt/airflow/dags/stock_price_forecast_pipeline.py
[2025-10-07T03:26:53.523+0000] {logging_mixin.py:190} INFO - [2025-10-07T03:26:53.522+0000] {dag.py:3229} INFO - Sync 1 DAGs
[2025-10-07T03:26:53.530+0000] {logging_mixin.py:190} INFO - [2025-10-07T03:26:53.530+0000] {dag.py:4156} INFO - Setting next_dagrun for stock_price_forecast_pipeline to 2025-10-06 03:30:00+00:00, run_after=2025-10-07 03:30:00+00:00
[2025-10-07T03:26:53.535+0000] {processor.py:208} INFO - Processing /opt/airflow/dags/stock_price_forecast_pipeline.py took 0.359 seconds
[2025-10-07T03:27:23.917+0000] {processor.py:186} INFO - Started process (PID=56567) to work on /opt/airflow/dags/stock_price_forecast_pipeline.py
[2025-10-07T03:27:23.918+0000] {processor.py:914} INFO - Processing file /opt/airflow/dags/stock_price_forecast_pipeline.py for tasks to queue
[2025-10-07T03:27:23.919+0000] {logging_mixin.py:190} INFO - [2025-10-07T03:27:23.919+0000] {dagbag.py:587} INFO - Filling up the DagBag from /opt/airflow/dags/stock_price_forecast_pipeline.py
[2025-10-07T03:27:24.152+0000] {processor.py:925} INFO - DAG(s) 'stock_price_forecast_pipeline' retrieved from /opt/airflow/dags/stock_price_forecast_pipeline.py
[2025-10-07T03:27:24.160+0000] {logging_mixin.py:190} INFO - [2025-10-07T03:27:24.160+0000] {dag.py:3229} INFO - Sync 1 DAGs
[2025-10-07T03:27:24.168+0000] {logging_mixin.py:190} INFO - [2025-10-07T03:27:24.168+0000] {dag.py:4156} INFO - Setting next_dagrun for stock_price_forecast_pipeline to 2025-10-06 03:30:00+00:00, run_after=2025-10-07 03:30:00+00:00
[2025-10-07T03:27:24.174+0000] {processor.py:208} INFO - Processing /opt/airflow/dags/stock_price_forecast_pipeline.py took 0.262 seconds
[2025-10-07T03:27:54.582+0000] {processor.py:186} INFO - Started process (PID=56593) to work on /opt/airflow/dags/stock_price_forecast_pipeline.py
[2025-10-07T03:27:54.583+0000] {processor.py:914} INFO - Processing file /opt/airflow/dags/stock_price_forecast_pipeline.py for tasks to queue
[2025-10-07T03:27:54.584+0000] {logging_mixin.py:190} INFO - [2025-10-07T03:27:54.583+0000] {dagbag.py:587} INFO - Filling up the DagBag from /opt/airflow/dags/stock_price_forecast_pipeline.py
[2025-10-07T03:27:54.819+0000] {processor.py:925} INFO - DAG(s) 'stock_price_forecast_pipeline' retrieved from /opt/airflow/dags/stock_price_forecast_pipeline.py
[2025-10-07T03:27:54.827+0000] {logging_mixin.py:190} INFO - [2025-10-07T03:27:54.827+0000] {dag.py:3229} INFO - Sync 1 DAGs
[2025-10-07T03:27:54.834+0000] {logging_mixin.py:190} INFO - [2025-10-07T03:27:54.834+0000] {dag.py:4156} INFO - Setting next_dagrun for stock_price_forecast_pipeline to 2025-10-06 03:30:00+00:00, run_after=2025-10-07 03:30:00+00:00
[2025-10-07T03:27:54.840+0000] {processor.py:208} INFO - Processing /opt/airflow/dags/stock_price_forecast_pipeline.py took 0.262 seconds
[2025-10-07T03:28:25.212+0000] {processor.py:186} INFO - Started process (PID=56619) to work on /opt/airflow/dags/stock_price_forecast_pipeline.py
[2025-10-07T03:28:25.213+0000] {processor.py:914} INFO - Processing file /opt/airflow/dags/stock_price_forecast_pipeline.py for tasks to queue
[2025-10-07T03:28:25.214+0000] {logging_mixin.py:190} INFO - [2025-10-07T03:28:25.214+0000] {dagbag.py:587} INFO - Filling up the DagBag from /opt/airflow/dags/stock_price_forecast_pipeline.py
[2025-10-07T03:28:25.705+0000] {processor.py:925} INFO - DAG(s) 'stock_price_forecast_pipeline' retrieved from /opt/airflow/dags/stock_price_forecast_pipeline.py
[2025-10-07T03:28:25.717+0000] {logging_mixin.py:190} INFO - [2025-10-07T03:28:25.716+0000] {dag.py:3229} INFO - Sync 1 DAGs
[2025-10-07T03:28:25.734+0000] {logging_mixin.py:190} INFO - [2025-10-07T03:28:25.734+0000] {dag.py:4156} INFO - Setting next_dagrun for stock_price_forecast_pipeline to 2025-10-06 03:30:00+00:00, run_after=2025-10-07 03:30:00+00:00
[2025-10-07T03:28:25.745+0000] {processor.py:208} INFO - Processing /opt/airflow/dags/stock_price_forecast_pipeline.py took 0.541 seconds
[2025-10-07T03:28:56.168+0000] {processor.py:186} INFO - Started process (PID=56645) to work on /opt/airflow/dags/stock_price_forecast_pipeline.py
[2025-10-07T03:28:56.170+0000] {processor.py:914} INFO - Processing file /opt/airflow/dags/stock_price_forecast_pipeline.py for tasks to queue
[2025-10-07T03:28:56.171+0000] {logging_mixin.py:190} INFO - [2025-10-07T03:28:56.170+0000] {dagbag.py:587} INFO - Filling up the DagBag from /opt/airflow/dags/stock_price_forecast_pipeline.py
[2025-10-07T03:28:56.589+0000] {processor.py:925} INFO - DAG(s) 'stock_price_forecast_pipeline' retrieved from /opt/airflow/dags/stock_price_forecast_pipeline.py
[2025-10-07T03:28:56.608+0000] {logging_mixin.py:190} INFO - [2025-10-07T03:28:56.607+0000] {dag.py:3229} INFO - Sync 1 DAGs
[2025-10-07T03:28:56.631+0000] {logging_mixin.py:190} INFO - [2025-10-07T03:28:56.631+0000] {dag.py:4156} INFO - Setting next_dagrun for stock_price_forecast_pipeline to 2025-10-06 03:30:00+00:00, run_after=2025-10-07 03:30:00+00:00
[2025-10-07T03:28:56.642+0000] {processor.py:208} INFO - Processing /opt/airflow/dags/stock_price_forecast_pipeline.py took 0.482 seconds
[2025-10-07T03:29:27.058+0000] {processor.py:186} INFO - Started process (PID=56676) to work on /opt/airflow/dags/stock_price_forecast_pipeline.py
[2025-10-07T03:29:27.059+0000] {processor.py:914} INFO - Processing file /opt/airflow/dags/stock_price_forecast_pipeline.py for tasks to queue
[2025-10-07T03:29:27.060+0000] {logging_mixin.py:190} INFO - [2025-10-07T03:29:27.060+0000] {dagbag.py:587} INFO - Filling up the DagBag from /opt/airflow/dags/stock_price_forecast_pipeline.py
[2025-10-07T03:29:27.324+0000] {processor.py:925} INFO - DAG(s) 'stock_price_forecast_pipeline' retrieved from /opt/airflow/dags/stock_price_forecast_pipeline.py
[2025-10-07T03:29:27.332+0000] {logging_mixin.py:190} INFO - [2025-10-07T03:29:27.332+0000] {dag.py:3229} INFO - Sync 1 DAGs
[2025-10-07T03:29:27.340+0000] {logging_mixin.py:190} INFO - [2025-10-07T03:29:27.340+0000] {dag.py:4156} INFO - Setting next_dagrun for stock_price_forecast_pipeline to 2025-10-06 03:30:00+00:00, run_after=2025-10-07 03:30:00+00:00
[2025-10-07T03:29:27.346+0000] {processor.py:208} INFO - Processing /opt/airflow/dags/stock_price_forecast_pipeline.py took 0.295 seconds
[2025-10-07T03:29:57.739+0000] {processor.py:186} INFO - Started process (PID=56702) to work on /opt/airflow/dags/stock_price_forecast_pipeline.py
[2025-10-07T03:29:57.740+0000] {processor.py:914} INFO - Processing file /opt/airflow/dags/stock_price_forecast_pipeline.py for tasks to queue
[2025-10-07T03:29:57.741+0000] {logging_mixin.py:190} INFO - [2025-10-07T03:29:57.741+0000] {dagbag.py:587} INFO - Filling up the DagBag from /opt/airflow/dags/stock_price_forecast_pipeline.py
[2025-10-07T03:29:57.982+0000] {processor.py:925} INFO - DAG(s) 'stock_price_forecast_pipeline' retrieved from /opt/airflow/dags/stock_price_forecast_pipeline.py
[2025-10-07T03:29:57.990+0000] {logging_mixin.py:190} INFO - [2025-10-07T03:29:57.990+0000] {dag.py:3229} INFO - Sync 1 DAGs
[2025-10-07T03:29:57.997+0000] {logging_mixin.py:190} INFO - [2025-10-07T03:29:57.997+0000] {dag.py:4156} INFO - Setting next_dagrun for stock_price_forecast_pipeline to 2025-10-06 03:30:00+00:00, run_after=2025-10-07 03:30:00+00:00
[2025-10-07T03:29:58.002+0000] {processor.py:208} INFO - Processing /opt/airflow/dags/stock_price_forecast_pipeline.py took 0.269 seconds
[2025-10-07T03:30:28.355+0000] {processor.py:186} INFO - Started process (PID=56733) to work on /opt/airflow/dags/stock_price_forecast_pipeline.py
[2025-10-07T03:30:28.357+0000] {processor.py:914} INFO - Processing file /opt/airflow/dags/stock_price_forecast_pipeline.py for tasks to queue
[2025-10-07T03:30:28.358+0000] {logging_mixin.py:190} INFO - [2025-10-07T03:30:28.357+0000] {dagbag.py:587} INFO - Filling up the DagBag from /opt/airflow/dags/stock_price_forecast_pipeline.py
[2025-10-07T03:30:28.655+0000] {processor.py:925} INFO - DAG(s) 'stock_price_forecast_pipeline' retrieved from /opt/airflow/dags/stock_price_forecast_pipeline.py
[2025-10-07T03:30:28.664+0000] {logging_mixin.py:190} INFO - [2025-10-07T03:30:28.664+0000] {dag.py:3229} INFO - Sync 1 DAGs
[2025-10-07T03:30:28.674+0000] {logging_mixin.py:190} INFO - [2025-10-07T03:30:28.674+0000] {dag.py:4156} INFO - Setting next_dagrun for stock_price_forecast_pipeline to 2025-10-07 03:30:00+00:00, run_after=2025-10-08 03:30:00+00:00
[2025-10-07T03:30:28.680+0000] {processor.py:208} INFO - Processing /opt/airflow/dags/stock_price_forecast_pipeline.py took 0.332 seconds
[2025-10-07T03:30:50.140+0000] {processor.py:186} INFO - Started process (PID=56761) to work on /opt/airflow/dags/stock_price_forecast_pipeline.py
[2025-10-07T03:30:50.141+0000] {processor.py:914} INFO - Processing file /opt/airflow/dags/stock_price_forecast_pipeline.py for tasks to queue
[2025-10-07T03:30:50.142+0000] {logging_mixin.py:190} INFO - [2025-10-07T03:30:50.141+0000] {dagbag.py:587} INFO - Filling up the DagBag from /opt/airflow/dags/stock_price_forecast_pipeline.py
[2025-10-07T03:30:50.428+0000] {processor.py:925} INFO - DAG(s) 'stock_price_forecast_pipeline' retrieved from /opt/airflow/dags/stock_price_forecast_pipeline.py
[2025-10-07T03:30:50.441+0000] {logging_mixin.py:190} INFO - [2025-10-07T03:30:50.440+0000] {dag.py:3229} INFO - Sync 1 DAGs
[2025-10-07T03:30:50.449+0000] {logging_mixin.py:190} INFO - [2025-10-07T03:30:50.449+0000] {dag.py:4156} INFO - Setting next_dagrun for stock_price_forecast_pipeline to 2025-10-07 03:30:00+00:00, run_after=2025-10-08 03:30:00+00:00
[2025-10-07T03:30:50.455+0000] {processor.py:208} INFO - Processing /opt/airflow/dags/stock_price_forecast_pipeline.py took 0.320 seconds
[2025-10-07T03:31:20.764+0000] {processor.py:186} INFO - Started process (PID=56790) to work on /opt/airflow/dags/stock_price_forecast_pipeline.py
[2025-10-07T03:31:20.766+0000] {processor.py:914} INFO - Processing file /opt/airflow/dags/stock_price_forecast_pipeline.py for tasks to queue
[2025-10-07T03:31:20.767+0000] {logging_mixin.py:190} INFO - [2025-10-07T03:31:20.767+0000] {dagbag.py:587} INFO - Filling up the DagBag from /opt/airflow/dags/stock_price_forecast_pipeline.py
[2025-10-07T03:31:21.073+0000] {processor.py:925} INFO - DAG(s) 'stock_price_forecast_pipeline' retrieved from /opt/airflow/dags/stock_price_forecast_pipeline.py
[2025-10-07T03:31:21.081+0000] {logging_mixin.py:190} INFO - [2025-10-07T03:31:21.081+0000] {dag.py:3229} INFO - Sync 1 DAGs
[2025-10-07T03:31:21.089+0000] {logging_mixin.py:190} INFO - [2025-10-07T03:31:21.089+0000] {dag.py:4156} INFO - Setting next_dagrun for stock_price_forecast_pipeline to 2025-10-07 03:30:00+00:00, run_after=2025-10-08 03:30:00+00:00
[2025-10-07T03:31:21.094+0000] {processor.py:208} INFO - Processing /opt/airflow/dags/stock_price_forecast_pipeline.py took 0.335 seconds
[2025-10-07T03:31:51.439+0000] {processor.py:186} INFO - Started process (PID=56821) to work on /opt/airflow/dags/stock_price_forecast_pipeline.py
[2025-10-07T03:31:51.440+0000] {processor.py:914} INFO - Processing file /opt/airflow/dags/stock_price_forecast_pipeline.py for tasks to queue
[2025-10-07T03:31:51.441+0000] {logging_mixin.py:190} INFO - [2025-10-07T03:31:51.441+0000] {dagbag.py:587} INFO - Filling up the DagBag from /opt/airflow/dags/stock_price_forecast_pipeline.py
[2025-10-07T03:31:51.684+0000] {processor.py:925} INFO - DAG(s) 'stock_price_forecast_pipeline' retrieved from /opt/airflow/dags/stock_price_forecast_pipeline.py
[2025-10-07T03:31:51.691+0000] {logging_mixin.py:190} INFO - [2025-10-07T03:31:51.691+0000] {dag.py:3229} INFO - Sync 1 DAGs
[2025-10-07T03:31:51.699+0000] {logging_mixin.py:190} INFO - [2025-10-07T03:31:51.699+0000] {dag.py:4156} INFO - Setting next_dagrun for stock_price_forecast_pipeline to 2025-10-07 03:30:00+00:00, run_after=2025-10-08 03:30:00+00:00
[2025-10-07T03:31:51.704+0000] {processor.py:208} INFO - Processing /opt/airflow/dags/stock_price_forecast_pipeline.py took 0.270 seconds
[2025-10-07T03:32:22.119+0000] {processor.py:186} INFO - Started process (PID=56847) to work on /opt/airflow/dags/stock_price_forecast_pipeline.py
[2025-10-07T03:32:22.120+0000] {processor.py:914} INFO - Processing file /opt/airflow/dags/stock_price_forecast_pipeline.py for tasks to queue
[2025-10-07T03:32:22.121+0000] {logging_mixin.py:190} INFO - [2025-10-07T03:32:22.121+0000] {dagbag.py:587} INFO - Filling up the DagBag from /opt/airflow/dags/stock_price_forecast_pipeline.py
[2025-10-07T03:32:22.339+0000] {processor.py:925} INFO - DAG(s) 'stock_price_forecast_pipeline' retrieved from /opt/airflow/dags/stock_price_forecast_pipeline.py
[2025-10-07T03:32:22.346+0000] {logging_mixin.py:190} INFO - [2025-10-07T03:32:22.346+0000] {dag.py:3229} INFO - Sync 1 DAGs
[2025-10-07T03:32:22.353+0000] {logging_mixin.py:190} INFO - [2025-10-07T03:32:22.353+0000] {dag.py:4156} INFO - Setting next_dagrun for stock_price_forecast_pipeline to 2025-10-07 03:30:00+00:00, run_after=2025-10-08 03:30:00+00:00
[2025-10-07T03:32:22.358+0000] {processor.py:208} INFO - Processing /opt/airflow/dags/stock_price_forecast_pipeline.py took 0.246 seconds
[2025-10-07T03:32:52.769+0000] {processor.py:186} INFO - Started process (PID=56873) to work on /opt/airflow/dags/stock_price_forecast_pipeline.py
[2025-10-07T03:32:52.771+0000] {processor.py:914} INFO - Processing file /opt/airflow/dags/stock_price_forecast_pipeline.py for tasks to queue
[2025-10-07T03:32:52.772+0000] {logging_mixin.py:190} INFO - [2025-10-07T03:32:52.772+0000] {dagbag.py:587} INFO - Filling up the DagBag from /opt/airflow/dags/stock_price_forecast_pipeline.py
[2025-10-07T03:32:53.028+0000] {processor.py:925} INFO - DAG(s) 'stock_price_forecast_pipeline' retrieved from /opt/airflow/dags/stock_price_forecast_pipeline.py
[2025-10-07T03:32:53.036+0000] {logging_mixin.py:190} INFO - [2025-10-07T03:32:53.036+0000] {dag.py:3229} INFO - Sync 1 DAGs
[2025-10-07T03:32:53.043+0000] {logging_mixin.py:190} INFO - [2025-10-07T03:32:53.043+0000] {dag.py:4156} INFO - Setting next_dagrun for stock_price_forecast_pipeline to 2025-10-07 03:30:00+00:00, run_after=2025-10-08 03:30:00+00:00
[2025-10-07T03:32:53.047+0000] {processor.py:208} INFO - Processing /opt/airflow/dags/stock_price_forecast_pipeline.py took 0.284 seconds
[2025-10-07T03:33:23.440+0000] {processor.py:186} INFO - Started process (PID=56899) to work on /opt/airflow/dags/stock_price_forecast_pipeline.py
[2025-10-07T03:33:23.441+0000] {processor.py:914} INFO - Processing file /opt/airflow/dags/stock_price_forecast_pipeline.py for tasks to queue
[2025-10-07T03:33:23.442+0000] {logging_mixin.py:190} INFO - [2025-10-07T03:33:23.442+0000] {dagbag.py:587} INFO - Filling up the DagBag from /opt/airflow/dags/stock_price_forecast_pipeline.py
[2025-10-07T03:33:23.666+0000] {processor.py:925} INFO - DAG(s) 'stock_price_forecast_pipeline' retrieved from /opt/airflow/dags/stock_price_forecast_pipeline.py
[2025-10-07T03:33:23.674+0000] {logging_mixin.py:190} INFO - [2025-10-07T03:33:23.674+0000] {dag.py:3229} INFO - Sync 1 DAGs
[2025-10-07T03:33:23.681+0000] {logging_mixin.py:190} INFO - [2025-10-07T03:33:23.681+0000] {dag.py:4156} INFO - Setting next_dagrun for stock_price_forecast_pipeline to 2025-10-07 03:30:00+00:00, run_after=2025-10-08 03:30:00+00:00
[2025-10-07T03:33:23.686+0000] {processor.py:208} INFO - Processing /opt/airflow/dags/stock_price_forecast_pipeline.py took 0.250 seconds
[2025-10-07T03:33:54.214+0000] {processor.py:186} INFO - Started process (PID=56925) to work on /opt/airflow/dags/stock_price_forecast_pipeline.py
[2025-10-07T03:33:54.215+0000] {processor.py:914} INFO - Processing file /opt/airflow/dags/stock_price_forecast_pipeline.py for tasks to queue
[2025-10-07T03:33:54.216+0000] {logging_mixin.py:190} INFO - [2025-10-07T03:33:54.216+0000] {dagbag.py:587} INFO - Filling up the DagBag from /opt/airflow/dags/stock_price_forecast_pipeline.py
[2025-10-07T03:33:54.475+0000] {processor.py:925} INFO - DAG(s) 'stock_price_forecast_pipeline' retrieved from /opt/airflow/dags/stock_price_forecast_pipeline.py
[2025-10-07T03:33:54.483+0000] {logging_mixin.py:190} INFO - [2025-10-07T03:33:54.483+0000] {dag.py:3229} INFO - Sync 1 DAGs
[2025-10-07T03:33:54.491+0000] {logging_mixin.py:190} INFO - [2025-10-07T03:33:54.491+0000] {dag.py:4156} INFO - Setting next_dagrun for stock_price_forecast_pipeline to 2025-10-07 03:30:00+00:00, run_after=2025-10-08 03:30:00+00:00
[2025-10-07T03:33:54.496+0000] {processor.py:208} INFO - Processing /opt/airflow/dags/stock_price_forecast_pipeline.py took 0.289 seconds
[2025-10-07T03:34:25.405+0000] {processor.py:186} INFO - Started process (PID=56956) to work on /opt/airflow/dags/stock_price_forecast_pipeline.py
[2025-10-07T03:34:25.406+0000] {processor.py:914} INFO - Processing file /opt/airflow/dags/stock_price_forecast_pipeline.py for tasks to queue
[2025-10-07T03:34:25.407+0000] {logging_mixin.py:190} INFO - [2025-10-07T03:34:25.406+0000] {dagbag.py:587} INFO - Filling up the DagBag from /opt/airflow/dags/stock_price_forecast_pipeline.py
[2025-10-07T03:34:25.753+0000] {processor.py:925} INFO - DAG(s) 'stock_price_forecast_pipeline' retrieved from /opt/airflow/dags/stock_price_forecast_pipeline.py
[2025-10-07T03:34:25.790+0000] {logging_mixin.py:190} INFO - [2025-10-07T03:34:25.790+0000] {dag.py:3229} INFO - Sync 1 DAGs
[2025-10-07T03:34:25.794+0000] {logging_mixin.py:190} INFO - [2025-10-07T03:34:25.794+0000] {dag.py:3252} INFO - Creating ORM DAG for stock_price_forecast_pipeline
[2025-10-07T03:34:25.797+0000] {logging_mixin.py:190} INFO - [2025-10-07T03:34:25.797+0000] {dag.py:4156} INFO - Setting next_dagrun for stock_price_forecast_pipeline to 2025-10-06 03:30:00+00:00, run_after=2025-10-07 03:30:00+00:00
[2025-10-07T03:34:25.803+0000] {processor.py:208} INFO - Processing /opt/airflow/dags/stock_price_forecast_pipeline.py took 0.404 seconds
[2025-10-07T03:34:56.061+0000] {processor.py:186} INFO - Started process (PID=57035) to work on /opt/airflow/dags/stock_price_forecast_pipeline.py
[2025-10-07T03:34:56.063+0000] {processor.py:914} INFO - Processing file /opt/airflow/dags/stock_price_forecast_pipeline.py for tasks to queue
[2025-10-07T03:34:56.064+0000] {logging_mixin.py:190} INFO - [2025-10-07T03:34:56.064+0000] {dagbag.py:587} INFO - Filling up the DagBag from /opt/airflow/dags/stock_price_forecast_pipeline.py
[2025-10-07T03:34:56.331+0000] {processor.py:925} INFO - DAG(s) 'stock_price_forecast_pipeline' retrieved from /opt/airflow/dags/stock_price_forecast_pipeline.py
[2025-10-07T03:34:56.339+0000] {logging_mixin.py:190} INFO - [2025-10-07T03:34:56.338+0000] {dag.py:3229} INFO - Sync 1 DAGs
[2025-10-07T03:34:56.346+0000] {logging_mixin.py:190} INFO - [2025-10-07T03:34:56.346+0000] {dag.py:4156} INFO - Setting next_dagrun for stock_price_forecast_pipeline to 2025-10-07 03:30:00+00:00, run_after=2025-10-08 03:30:00+00:00
[2025-10-07T03:34:56.351+0000] {processor.py:208} INFO - Processing /opt/airflow/dags/stock_price_forecast_pipeline.py took 0.296 seconds
[2025-10-07T03:35:26.411+0000] {processor.py:186} INFO - Started process (PID=57061) to work on /opt/airflow/dags/stock_price_forecast_pipeline.py
[2025-10-07T03:35:26.412+0000] {processor.py:914} INFO - Processing file /opt/airflow/dags/stock_price_forecast_pipeline.py for tasks to queue
[2025-10-07T03:35:26.413+0000] {logging_mixin.py:190} INFO - [2025-10-07T03:35:26.412+0000] {dagbag.py:587} INFO - Filling up the DagBag from /opt/airflow/dags/stock_price_forecast_pipeline.py
[2025-10-07T03:35:26.631+0000] {processor.py:925} INFO - DAG(s) 'stock_price_forecast_pipeline' retrieved from /opt/airflow/dags/stock_price_forecast_pipeline.py
[2025-10-07T03:35:26.639+0000] {logging_mixin.py:190} INFO - [2025-10-07T03:35:26.639+0000] {dag.py:3229} INFO - Sync 1 DAGs
[2025-10-07T03:35:26.646+0000] {logging_mixin.py:190} INFO - [2025-10-07T03:35:26.646+0000] {dag.py:4156} INFO - Setting next_dagrun for stock_price_forecast_pipeline to 2025-10-07 03:30:00+00:00, run_after=2025-10-08 03:30:00+00:00
[2025-10-07T03:35:26.650+0000] {processor.py:208} INFO - Processing /opt/airflow/dags/stock_price_forecast_pipeline.py took 0.244 seconds
[2025-10-07T03:35:57.108+0000] {processor.py:186} INFO - Started process (PID=57087) to work on /opt/airflow/dags/stock_price_forecast_pipeline.py
[2025-10-07T03:35:57.108+0000] {processor.py:914} INFO - Processing file /opt/airflow/dags/stock_price_forecast_pipeline.py for tasks to queue
[2025-10-07T03:35:57.109+0000] {logging_mixin.py:190} INFO - [2025-10-07T03:35:57.109+0000] {dagbag.py:587} INFO - Filling up the DagBag from /opt/airflow/dags/stock_price_forecast_pipeline.py
[2025-10-07T03:35:57.326+0000] {processor.py:925} INFO - DAG(s) 'stock_price_forecast_pipeline' retrieved from /opt/airflow/dags/stock_price_forecast_pipeline.py
[2025-10-07T03:35:57.334+0000] {logging_mixin.py:190} INFO - [2025-10-07T03:35:57.333+0000] {dag.py:3229} INFO - Sync 1 DAGs
[2025-10-07T03:35:57.340+0000] {logging_mixin.py:190} INFO - [2025-10-07T03:35:57.340+0000] {dag.py:4156} INFO - Setting next_dagrun for stock_price_forecast_pipeline to 2025-10-07 03:30:00+00:00, run_after=2025-10-08 03:30:00+00:00
[2025-10-07T03:35:57.345+0000] {processor.py:208} INFO - Processing /opt/airflow/dags/stock_price_forecast_pipeline.py took 0.242 seconds
[2025-10-07T03:36:27.484+0000] {processor.py:186} INFO - Started process (PID=57118) to work on /opt/airflow/dags/stock_price_forecast_pipeline.py
[2025-10-07T03:36:27.486+0000] {processor.py:914} INFO - Processing file /opt/airflow/dags/stock_price_forecast_pipeline.py for tasks to queue
[2025-10-07T03:36:27.487+0000] {logging_mixin.py:190} INFO - [2025-10-07T03:36:27.487+0000] {dagbag.py:587} INFO - Filling up the DagBag from /opt/airflow/dags/stock_price_forecast_pipeline.py
[2025-10-07T03:36:27.716+0000] {processor.py:925} INFO - DAG(s) 'stock_price_forecast_pipeline' retrieved from /opt/airflow/dags/stock_price_forecast_pipeline.py
[2025-10-07T03:36:27.724+0000] {logging_mixin.py:190} INFO - [2025-10-07T03:36:27.723+0000] {dag.py:3229} INFO - Sync 1 DAGs
[2025-10-07T03:36:27.731+0000] {logging_mixin.py:190} INFO - [2025-10-07T03:36:27.731+0000] {dag.py:4156} INFO - Setting next_dagrun for stock_price_forecast_pipeline to 2025-10-07 03:30:00+00:00, run_after=2025-10-08 03:30:00+00:00
[2025-10-07T03:36:27.736+0000] {processor.py:208} INFO - Processing /opt/airflow/dags/stock_price_forecast_pipeline.py took 0.256 seconds
[2025-10-07T03:36:58.067+0000] {processor.py:186} INFO - Started process (PID=57144) to work on /opt/airflow/dags/stock_price_forecast_pipeline.py
[2025-10-07T03:36:58.068+0000] {processor.py:914} INFO - Processing file /opt/airflow/dags/stock_price_forecast_pipeline.py for tasks to queue
[2025-10-07T03:36:58.069+0000] {logging_mixin.py:190} INFO - [2025-10-07T03:36:58.069+0000] {dagbag.py:587} INFO - Filling up the DagBag from /opt/airflow/dags/stock_price_forecast_pipeline.py
[2025-10-07T03:36:58.292+0000] {processor.py:925} INFO - DAG(s) 'stock_price_forecast_pipeline' retrieved from /opt/airflow/dags/stock_price_forecast_pipeline.py
[2025-10-07T03:36:58.300+0000] {logging_mixin.py:190} INFO - [2025-10-07T03:36:58.300+0000] {dag.py:3229} INFO - Sync 1 DAGs
[2025-10-07T03:36:58.307+0000] {logging_mixin.py:190} INFO - [2025-10-07T03:36:58.307+0000] {dag.py:4156} INFO - Setting next_dagrun for stock_price_forecast_pipeline to 2025-10-07 03:30:00+00:00, run_after=2025-10-08 03:30:00+00:00
[2025-10-07T03:36:58.312+0000] {processor.py:208} INFO - Processing /opt/airflow/dags/stock_price_forecast_pipeline.py took 0.248 seconds
[2025-10-07T03:37:28.442+0000] {processor.py:186} INFO - Started process (PID=57170) to work on /opt/airflow/dags/stock_price_forecast_pipeline.py
[2025-10-07T03:37:28.444+0000] {processor.py:914} INFO - Processing file /opt/airflow/dags/stock_price_forecast_pipeline.py for tasks to queue
[2025-10-07T03:37:28.445+0000] {logging_mixin.py:190} INFO - [2025-10-07T03:37:28.445+0000] {dagbag.py:587} INFO - Filling up the DagBag from /opt/airflow/dags/stock_price_forecast_pipeline.py
[2025-10-07T03:37:28.664+0000] {processor.py:925} INFO - DAG(s) 'stock_price_forecast_pipeline' retrieved from /opt/airflow/dags/stock_price_forecast_pipeline.py
[2025-10-07T03:37:28.672+0000] {logging_mixin.py:190} INFO - [2025-10-07T03:37:28.671+0000] {dag.py:3229} INFO - Sync 1 DAGs
[2025-10-07T03:37:28.678+0000] {logging_mixin.py:190} INFO - [2025-10-07T03:37:28.678+0000] {dag.py:4156} INFO - Setting next_dagrun for stock_price_forecast_pipeline to 2025-10-07 03:30:00+00:00, run_after=2025-10-08 03:30:00+00:00
[2025-10-07T03:37:28.683+0000] {processor.py:208} INFO - Processing /opt/airflow/dags/stock_price_forecast_pipeline.py took 0.246 seconds
[2025-10-07T03:37:59.084+0000] {processor.py:186} INFO - Started process (PID=57196) to work on /opt/airflow/dags/stock_price_forecast_pipeline.py
[2025-10-07T03:37:59.085+0000] {processor.py:914} INFO - Processing file /opt/airflow/dags/stock_price_forecast_pipeline.py for tasks to queue
[2025-10-07T03:37:59.086+0000] {logging_mixin.py:190} INFO - [2025-10-07T03:37:59.085+0000] {dagbag.py:587} INFO - Filling up the DagBag from /opt/airflow/dags/stock_price_forecast_pipeline.py
[2025-10-07T03:37:59.334+0000] {processor.py:925} INFO - DAG(s) 'stock_price_forecast_pipeline' retrieved from /opt/airflow/dags/stock_price_forecast_pipeline.py
[2025-10-07T03:37:59.341+0000] {logging_mixin.py:190} INFO - [2025-10-07T03:37:59.341+0000] {dag.py:3229} INFO - Sync 1 DAGs
[2025-10-07T03:37:59.348+0000] {logging_mixin.py:190} INFO - [2025-10-07T03:37:59.348+0000] {dag.py:4156} INFO - Setting next_dagrun for stock_price_forecast_pipeline to 2025-10-07 03:30:00+00:00, run_after=2025-10-08 03:30:00+00:00
[2025-10-07T03:37:59.352+0000] {processor.py:208} INFO - Processing /opt/airflow/dags/stock_price_forecast_pipeline.py took 0.276 seconds
[2025-10-07T03:38:29.712+0000] {processor.py:186} INFO - Started process (PID=57222) to work on /opt/airflow/dags/stock_price_forecast_pipeline.py
[2025-10-07T03:38:29.713+0000] {processor.py:914} INFO - Processing file /opt/airflow/dags/stock_price_forecast_pipeline.py for tasks to queue
[2025-10-07T03:38:29.714+0000] {logging_mixin.py:190} INFO - [2025-10-07T03:38:29.713+0000] {dagbag.py:587} INFO - Filling up the DagBag from /opt/airflow/dags/stock_price_forecast_pipeline.py
[2025-10-07T03:38:29.944+0000] {processor.py:925} INFO - DAG(s) 'stock_price_forecast_pipeline' retrieved from /opt/airflow/dags/stock_price_forecast_pipeline.py
[2025-10-07T03:38:29.952+0000] {logging_mixin.py:190} INFO - [2025-10-07T03:38:29.952+0000] {dag.py:3229} INFO - Sync 1 DAGs
[2025-10-07T03:38:29.959+0000] {logging_mixin.py:190} INFO - [2025-10-07T03:38:29.959+0000] {dag.py:4156} INFO - Setting next_dagrun for stock_price_forecast_pipeline to 2025-10-07 03:30:00+00:00, run_after=2025-10-08 03:30:00+00:00
[2025-10-07T03:38:29.964+0000] {processor.py:208} INFO - Processing /opt/airflow/dags/stock_price_forecast_pipeline.py took 0.258 seconds
[2025-10-07T03:39:00.424+0000] {processor.py:186} INFO - Started process (PID=57248) to work on /opt/airflow/dags/stock_price_forecast_pipeline.py
[2025-10-07T03:39:00.426+0000] {processor.py:914} INFO - Processing file /opt/airflow/dags/stock_price_forecast_pipeline.py for tasks to queue
[2025-10-07T03:39:00.427+0000] {logging_mixin.py:190} INFO - [2025-10-07T03:39:00.427+0000] {dagbag.py:587} INFO - Filling up the DagBag from /opt/airflow/dags/stock_price_forecast_pipeline.py
[2025-10-07T03:39:00.665+0000] {processor.py:925} INFO - DAG(s) 'stock_price_forecast_pipeline' retrieved from /opt/airflow/dags/stock_price_forecast_pipeline.py
[2025-10-07T03:39:00.673+0000] {logging_mixin.py:190} INFO - [2025-10-07T03:39:00.673+0000] {dag.py:3229} INFO - Sync 1 DAGs
[2025-10-07T03:39:00.681+0000] {logging_mixin.py:190} INFO - [2025-10-07T03:39:00.681+0000] {dag.py:4156} INFO - Setting next_dagrun for stock_price_forecast_pipeline to 2025-10-07 03:30:00+00:00, run_after=2025-10-08 03:30:00+00:00
[2025-10-07T03:39:00.687+0000] {processor.py:208} INFO - Processing /opt/airflow/dags/stock_price_forecast_pipeline.py took 0.268 seconds
[2025-10-07T03:39:30.787+0000] {processor.py:186} INFO - Started process (PID=57274) to work on /opt/airflow/dags/stock_price_forecast_pipeline.py
[2025-10-07T03:39:30.788+0000] {processor.py:914} INFO - Processing file /opt/airflow/dags/stock_price_forecast_pipeline.py for tasks to queue
[2025-10-07T03:39:30.788+0000] {logging_mixin.py:190} INFO - [2025-10-07T03:39:30.788+0000] {dagbag.py:587} INFO - Filling up the DagBag from /opt/airflow/dags/stock_price_forecast_pipeline.py
[2025-10-07T03:39:31.008+0000] {processor.py:925} INFO - DAG(s) 'stock_price_forecast_pipeline' retrieved from /opt/airflow/dags/stock_price_forecast_pipeline.py
[2025-10-07T03:39:31.016+0000] {logging_mixin.py:190} INFO - [2025-10-07T03:39:31.016+0000] {dag.py:3229} INFO - Sync 1 DAGs
[2025-10-07T03:39:31.023+0000] {logging_mixin.py:190} INFO - [2025-10-07T03:39:31.023+0000] {dag.py:4156} INFO - Setting next_dagrun for stock_price_forecast_pipeline to 2025-10-07 03:30:00+00:00, run_after=2025-10-08 03:30:00+00:00
[2025-10-07T03:39:31.028+0000] {processor.py:208} INFO - Processing /opt/airflow/dags/stock_price_forecast_pipeline.py took 0.244 seconds
[2025-10-07T03:40:01.304+0000] {processor.py:186} INFO - Started process (PID=57300) to work on /opt/airflow/dags/stock_price_forecast_pipeline.py
[2025-10-07T03:40:01.305+0000] {processor.py:914} INFO - Processing file /opt/airflow/dags/stock_price_forecast_pipeline.py for tasks to queue
[2025-10-07T03:40:01.305+0000] {logging_mixin.py:190} INFO - [2025-10-07T03:40:01.305+0000] {dagbag.py:587} INFO - Filling up the DagBag from /opt/airflow/dags/stock_price_forecast_pipeline.py
[2025-10-07T03:40:01.541+0000] {processor.py:925} INFO - DAG(s) 'stock_price_forecast_pipeline' retrieved from /opt/airflow/dags/stock_price_forecast_pipeline.py
[2025-10-07T03:40:01.550+0000] {logging_mixin.py:190} INFO - [2025-10-07T03:40:01.549+0000] {dag.py:3229} INFO - Sync 1 DAGs
[2025-10-07T03:40:01.557+0000] {logging_mixin.py:190} INFO - [2025-10-07T03:40:01.557+0000] {dag.py:4156} INFO - Setting next_dagrun for stock_price_forecast_pipeline to 2025-10-07 03:30:00+00:00, run_after=2025-10-08 03:30:00+00:00
[2025-10-07T03:40:01.562+0000] {processor.py:208} INFO - Processing /opt/airflow/dags/stock_price_forecast_pipeline.py took 0.265 seconds
[2025-10-07T03:40:31.966+0000] {processor.py:186} INFO - Started process (PID=57332) to work on /opt/airflow/dags/stock_price_forecast_pipeline.py
[2025-10-07T03:40:31.967+0000] {processor.py:914} INFO - Processing file /opt/airflow/dags/stock_price_forecast_pipeline.py for tasks to queue
[2025-10-07T03:40:31.968+0000] {logging_mixin.py:190} INFO - [2025-10-07T03:40:31.968+0000] {dagbag.py:587} INFO - Filling up the DagBag from /opt/airflow/dags/stock_price_forecast_pipeline.py
[2025-10-07T03:40:32.215+0000] {processor.py:925} INFO - DAG(s) 'stock_price_forecast_pipeline' retrieved from /opt/airflow/dags/stock_price_forecast_pipeline.py
[2025-10-07T03:40:32.223+0000] {logging_mixin.py:190} INFO - [2025-10-07T03:40:32.222+0000] {dag.py:3229} INFO - Sync 1 DAGs
[2025-10-07T03:40:32.232+0000] {logging_mixin.py:190} INFO - [2025-10-07T03:40:32.232+0000] {dag.py:4156} INFO - Setting next_dagrun for stock_price_forecast_pipeline to 2025-10-07 03:30:00+00:00, run_after=2025-10-08 03:30:00+00:00
[2025-10-07T03:40:32.237+0000] {processor.py:208} INFO - Processing /opt/airflow/dags/stock_price_forecast_pipeline.py took 0.278 seconds
[2025-10-07T03:41:02.389+0000] {processor.py:186} INFO - Started process (PID=57358) to work on /opt/airflow/dags/stock_price_forecast_pipeline.py
[2025-10-07T03:41:02.390+0000] {processor.py:914} INFO - Processing file /opt/airflow/dags/stock_price_forecast_pipeline.py for tasks to queue
[2025-10-07T03:41:02.392+0000] {logging_mixin.py:190} INFO - [2025-10-07T03:41:02.391+0000] {dagbag.py:587} INFO - Filling up the DagBag from /opt/airflow/dags/stock_price_forecast_pipeline.py
[2025-10-07T03:41:02.629+0000] {processor.py:925} INFO - DAG(s) 'stock_price_forecast_pipeline' retrieved from /opt/airflow/dags/stock_price_forecast_pipeline.py
[2025-10-07T03:41:02.637+0000] {logging_mixin.py:190} INFO - [2025-10-07T03:41:02.637+0000] {dag.py:3229} INFO - Sync 1 DAGs
[2025-10-07T03:41:02.644+0000] {logging_mixin.py:190} INFO - [2025-10-07T03:41:02.644+0000] {dag.py:4156} INFO - Setting next_dagrun for stock_price_forecast_pipeline to 2025-10-07 03:30:00+00:00, run_after=2025-10-08 03:30:00+00:00
[2025-10-07T03:41:02.649+0000] {processor.py:208} INFO - Processing /opt/airflow/dags/stock_price_forecast_pipeline.py took 0.266 seconds
[2025-10-07T03:41:33.022+0000] {processor.py:186} INFO - Started process (PID=57384) to work on /opt/airflow/dags/stock_price_forecast_pipeline.py
[2025-10-07T03:41:33.024+0000] {processor.py:914} INFO - Processing file /opt/airflow/dags/stock_price_forecast_pipeline.py for tasks to queue
[2025-10-07T03:41:33.025+0000] {logging_mixin.py:190} INFO - [2025-10-07T03:41:33.024+0000] {dagbag.py:587} INFO - Filling up the DagBag from /opt/airflow/dags/stock_price_forecast_pipeline.py
[2025-10-07T03:41:33.249+0000] {processor.py:925} INFO - DAG(s) 'stock_price_forecast_pipeline' retrieved from /opt/airflow/dags/stock_price_forecast_pipeline.py
[2025-10-07T03:41:33.256+0000] {logging_mixin.py:190} INFO - [2025-10-07T03:41:33.256+0000] {dag.py:3229} INFO - Sync 1 DAGs
[2025-10-07T03:41:33.264+0000] {logging_mixin.py:190} INFO - [2025-10-07T03:41:33.264+0000] {dag.py:4156} INFO - Setting next_dagrun for stock_price_forecast_pipeline to 2025-10-07 03:30:00+00:00, run_after=2025-10-08 03:30:00+00:00
[2025-10-07T03:41:33.268+0000] {processor.py:208} INFO - Processing /opt/airflow/dags/stock_price_forecast_pipeline.py took 0.252 seconds
[2025-10-07T03:42:03.562+0000] {processor.py:186} INFO - Started process (PID=57410) to work on /opt/airflow/dags/stock_price_forecast_pipeline.py
[2025-10-07T03:42:03.563+0000] {processor.py:914} INFO - Processing file /opt/airflow/dags/stock_price_forecast_pipeline.py for tasks to queue
[2025-10-07T03:42:03.564+0000] {logging_mixin.py:190} INFO - [2025-10-07T03:42:03.563+0000] {dagbag.py:587} INFO - Filling up the DagBag from /opt/airflow/dags/stock_price_forecast_pipeline.py
[2025-10-07T03:42:03.784+0000] {processor.py:925} INFO - DAG(s) 'stock_price_forecast_pipeline' retrieved from /opt/airflow/dags/stock_price_forecast_pipeline.py
[2025-10-07T03:42:03.792+0000] {logging_mixin.py:190} INFO - [2025-10-07T03:42:03.791+0000] {dag.py:3229} INFO - Sync 1 DAGs
[2025-10-07T03:42:03.798+0000] {logging_mixin.py:190} INFO - [2025-10-07T03:42:03.798+0000] {dag.py:4156} INFO - Setting next_dagrun for stock_price_forecast_pipeline to 2025-10-07 03:30:00+00:00, run_after=2025-10-08 03:30:00+00:00
[2025-10-07T03:42:03.803+0000] {processor.py:208} INFO - Processing /opt/airflow/dags/stock_price_forecast_pipeline.py took 0.247 seconds
[2025-10-07T03:42:34.215+0000] {processor.py:186} INFO - Started process (PID=57436) to work on /opt/airflow/dags/stock_price_forecast_pipeline.py
[2025-10-07T03:42:34.216+0000] {processor.py:914} INFO - Processing file /opt/airflow/dags/stock_price_forecast_pipeline.py for tasks to queue
[2025-10-07T03:42:34.217+0000] {logging_mixin.py:190} INFO - [2025-10-07T03:42:34.217+0000] {dagbag.py:587} INFO - Filling up the DagBag from /opt/airflow/dags/stock_price_forecast_pipeline.py
[2025-10-07T03:42:34.493+0000] {processor.py:925} INFO - DAG(s) 'stock_price_forecast_pipeline' retrieved from /opt/airflow/dags/stock_price_forecast_pipeline.py
[2025-10-07T03:42:34.503+0000] {logging_mixin.py:190} INFO - [2025-10-07T03:42:34.503+0000] {dag.py:3229} INFO - Sync 1 DAGs
[2025-10-07T03:42:34.512+0000] {logging_mixin.py:190} INFO - [2025-10-07T03:42:34.512+0000] {dag.py:4156} INFO - Setting next_dagrun for stock_price_forecast_pipeline to 2025-10-07 03:30:00+00:00, run_after=2025-10-08 03:30:00+00:00
[2025-10-07T03:42:34.518+0000] {processor.py:208} INFO - Processing /opt/airflow/dags/stock_price_forecast_pipeline.py took 0.312 seconds
[2025-10-07T03:43:05.078+0000] {processor.py:186} INFO - Started process (PID=57462) to work on /opt/airflow/dags/stock_price_forecast_pipeline.py
[2025-10-07T03:43:05.079+0000] {processor.py:914} INFO - Processing file /opt/airflow/dags/stock_price_forecast_pipeline.py for tasks to queue
[2025-10-07T03:43:05.080+0000] {logging_mixin.py:190} INFO - [2025-10-07T03:43:05.080+0000] {dagbag.py:587} INFO - Filling up the DagBag from /opt/airflow/dags/stock_price_forecast_pipeline.py
[2025-10-07T03:43:05.310+0000] {processor.py:925} INFO - DAG(s) 'stock_price_forecast_pipeline' retrieved from /opt/airflow/dags/stock_price_forecast_pipeline.py
[2025-10-07T03:43:05.318+0000] {logging_mixin.py:190} INFO - [2025-10-07T03:43:05.318+0000] {dag.py:3229} INFO - Sync 1 DAGs
[2025-10-07T03:43:05.325+0000] {logging_mixin.py:190} INFO - [2025-10-07T03:43:05.325+0000] {dag.py:4156} INFO - Setting next_dagrun for stock_price_forecast_pipeline to 2025-10-07 03:30:00+00:00, run_after=2025-10-08 03:30:00+00:00
[2025-10-07T03:43:05.330+0000] {processor.py:208} INFO - Processing /opt/airflow/dags/stock_price_forecast_pipeline.py took 0.258 seconds
[2025-10-07T03:43:36.002+0000] {processor.py:186} INFO - Started process (PID=57491) to work on /opt/airflow/dags/stock_price_forecast_pipeline.py
[2025-10-07T03:43:36.003+0000] {processor.py:914} INFO - Processing file /opt/airflow/dags/stock_price_forecast_pipeline.py for tasks to queue
[2025-10-07T03:43:36.004+0000] {logging_mixin.py:190} INFO - [2025-10-07T03:43:36.004+0000] {dagbag.py:587} INFO - Filling up the DagBag from /opt/airflow/dags/stock_price_forecast_pipeline.py
[2025-10-07T03:43:36.341+0000] {processor.py:925} INFO - DAG(s) 'stock_price_forecast_pipeline' retrieved from /opt/airflow/dags/stock_price_forecast_pipeline.py
[2025-10-07T03:43:36.354+0000] {logging_mixin.py:190} INFO - [2025-10-07T03:43:36.353+0000] {dag.py:3229} INFO - Sync 1 DAGs
[2025-10-07T03:43:36.363+0000] {logging_mixin.py:190} INFO - [2025-10-07T03:43:36.363+0000] {dag.py:4156} INFO - Setting next_dagrun for stock_price_forecast_pipeline to 2025-10-07 03:30:00+00:00, run_after=2025-10-08 03:30:00+00:00
[2025-10-07T03:43:36.372+0000] {processor.py:208} INFO - Processing /opt/airflow/dags/stock_price_forecast_pipeline.py took 0.375 seconds
[2025-10-07T03:44:06.517+0000] {processor.py:186} INFO - Started process (PID=57517) to work on /opt/airflow/dags/stock_price_forecast_pipeline.py
[2025-10-07T03:44:06.519+0000] {processor.py:914} INFO - Processing file /opt/airflow/dags/stock_price_forecast_pipeline.py for tasks to queue
[2025-10-07T03:44:06.521+0000] {logging_mixin.py:190} INFO - [2025-10-07T03:44:06.520+0000] {dagbag.py:587} INFO - Filling up the DagBag from /opt/airflow/dags/stock_price_forecast_pipeline.py
[2025-10-07T03:44:06.771+0000] {processor.py:925} INFO - DAG(s) 'stock_price_forecast_pipeline' retrieved from /opt/airflow/dags/stock_price_forecast_pipeline.py
[2025-10-07T03:44:06.780+0000] {logging_mixin.py:190} INFO - [2025-10-07T03:44:06.780+0000] {dag.py:3229} INFO - Sync 1 DAGs
[2025-10-07T03:44:06.790+0000] {logging_mixin.py:190} INFO - [2025-10-07T03:44:06.790+0000] {dag.py:4156} INFO - Setting next_dagrun for stock_price_forecast_pipeline to 2025-10-07 03:30:00+00:00, run_after=2025-10-08 03:30:00+00:00
[2025-10-07T03:44:06.797+0000] {processor.py:208} INFO - Processing /opt/airflow/dags/stock_price_forecast_pipeline.py took 0.286 seconds
[2025-10-07T03:44:37.226+0000] {processor.py:186} INFO - Started process (PID=57543) to work on /opt/airflow/dags/stock_price_forecast_pipeline.py
[2025-10-07T03:44:37.231+0000] {processor.py:914} INFO - Processing file /opt/airflow/dags/stock_price_forecast_pipeline.py for tasks to queue
[2025-10-07T03:44:37.233+0000] {logging_mixin.py:190} INFO - [2025-10-07T03:44:37.232+0000] {dagbag.py:587} INFO - Filling up the DagBag from /opt/airflow/dags/stock_price_forecast_pipeline.py
[2025-10-07T03:44:37.490+0000] {processor.py:925} INFO - DAG(s) 'stock_price_forecast_pipeline' retrieved from /opt/airflow/dags/stock_price_forecast_pipeline.py
[2025-10-07T03:44:37.497+0000] {logging_mixin.py:190} INFO - [2025-10-07T03:44:37.497+0000] {dag.py:3229} INFO - Sync 1 DAGs
[2025-10-07T03:44:37.505+0000] {logging_mixin.py:190} INFO - [2025-10-07T03:44:37.505+0000] {dag.py:4156} INFO - Setting next_dagrun for stock_price_forecast_pipeline to 2025-10-07 03:30:00+00:00, run_after=2025-10-08 03:30:00+00:00
[2025-10-07T03:44:37.512+0000] {processor.py:208} INFO - Processing /opt/airflow/dags/stock_price_forecast_pipeline.py took 0.294 seconds
[2025-10-07T03:45:07.922+0000] {processor.py:186} INFO - Started process (PID=57569) to work on /opt/airflow/dags/stock_price_forecast_pipeline.py
[2025-10-07T03:45:07.923+0000] {processor.py:914} INFO - Processing file /opt/airflow/dags/stock_price_forecast_pipeline.py for tasks to queue
[2025-10-07T03:45:07.925+0000] {logging_mixin.py:190} INFO - [2025-10-07T03:45:07.924+0000] {dagbag.py:587} INFO - Filling up the DagBag from /opt/airflow/dags/stock_price_forecast_pipeline.py
[2025-10-07T03:45:08.169+0000] {processor.py:925} INFO - DAG(s) 'stock_price_forecast_pipeline' retrieved from /opt/airflow/dags/stock_price_forecast_pipeline.py
[2025-10-07T03:45:08.180+0000] {logging_mixin.py:190} INFO - [2025-10-07T03:45:08.179+0000] {dag.py:3229} INFO - Sync 1 DAGs
[2025-10-07T03:45:08.187+0000] {logging_mixin.py:190} INFO - [2025-10-07T03:45:08.187+0000] {dag.py:4156} INFO - Setting next_dagrun for stock_price_forecast_pipeline to 2025-10-07 03:30:00+00:00, run_after=2025-10-08 03:30:00+00:00
[2025-10-07T03:45:08.195+0000] {processor.py:208} INFO - Processing /opt/airflow/dags/stock_price_forecast_pipeline.py took 0.278 seconds
[2025-10-07T03:45:38.569+0000] {processor.py:186} INFO - Started process (PID=57595) to work on /opt/airflow/dags/stock_price_forecast_pipeline.py
[2025-10-07T03:45:38.573+0000] {processor.py:914} INFO - Processing file /opt/airflow/dags/stock_price_forecast_pipeline.py for tasks to queue
[2025-10-07T03:45:38.574+0000] {logging_mixin.py:190} INFO - [2025-10-07T03:45:38.574+0000] {dagbag.py:587} INFO - Filling up the DagBag from /opt/airflow/dags/stock_price_forecast_pipeline.py
[2025-10-07T03:45:38.829+0000] {processor.py:925} INFO - DAG(s) 'stock_price_forecast_pipeline' retrieved from /opt/airflow/dags/stock_price_forecast_pipeline.py
[2025-10-07T03:45:38.839+0000] {logging_mixin.py:190} INFO - [2025-10-07T03:45:38.839+0000] {dag.py:3229} INFO - Sync 1 DAGs
[2025-10-07T03:45:38.846+0000] {logging_mixin.py:190} INFO - [2025-10-07T03:45:38.846+0000] {dag.py:4156} INFO - Setting next_dagrun for stock_price_forecast_pipeline to 2025-10-07 03:30:00+00:00, run_after=2025-10-08 03:30:00+00:00
[2025-10-07T03:45:38.853+0000] {processor.py:208} INFO - Processing /opt/airflow/dags/stock_price_forecast_pipeline.py took 0.288 seconds
[2025-10-07T03:46:09.296+0000] {processor.py:186} INFO - Started process (PID=57621) to work on /opt/airflow/dags/stock_price_forecast_pipeline.py
[2025-10-07T03:46:09.298+0000] {processor.py:914} INFO - Processing file /opt/airflow/dags/stock_price_forecast_pipeline.py for tasks to queue
[2025-10-07T03:46:09.300+0000] {logging_mixin.py:190} INFO - [2025-10-07T03:46:09.300+0000] {dagbag.py:587} INFO - Filling up the DagBag from /opt/airflow/dags/stock_price_forecast_pipeline.py
[2025-10-07T03:46:09.554+0000] {processor.py:925} INFO - DAG(s) 'stock_price_forecast_pipeline' retrieved from /opt/airflow/dags/stock_price_forecast_pipeline.py
[2025-10-07T03:46:09.563+0000] {logging_mixin.py:190} INFO - [2025-10-07T03:46:09.563+0000] {dag.py:3229} INFO - Sync 1 DAGs
[2025-10-07T03:46:09.573+0000] {logging_mixin.py:190} INFO - [2025-10-07T03:46:09.573+0000] {dag.py:4156} INFO - Setting next_dagrun for stock_price_forecast_pipeline to 2025-10-07 03:30:00+00:00, run_after=2025-10-08 03:30:00+00:00
[2025-10-07T03:46:09.581+0000] {processor.py:208} INFO - Processing /opt/airflow/dags/stock_price_forecast_pipeline.py took 0.290 seconds
[2025-10-07T03:46:40.003+0000] {processor.py:186} INFO - Started process (PID=57647) to work on /opt/airflow/dags/stock_price_forecast_pipeline.py
[2025-10-07T03:46:40.004+0000] {processor.py:914} INFO - Processing file /opt/airflow/dags/stock_price_forecast_pipeline.py for tasks to queue
[2025-10-07T03:46:40.005+0000] {logging_mixin.py:190} INFO - [2025-10-07T03:46:40.005+0000] {dagbag.py:587} INFO - Filling up the DagBag from /opt/airflow/dags/stock_price_forecast_pipeline.py
[2025-10-07T03:46:40.270+0000] {processor.py:925} INFO - DAG(s) 'stock_price_forecast_pipeline' retrieved from /opt/airflow/dags/stock_price_forecast_pipeline.py
[2025-10-07T03:46:40.280+0000] {logging_mixin.py:190} INFO - [2025-10-07T03:46:40.280+0000] {dag.py:3229} INFO - Sync 1 DAGs
[2025-10-07T03:46:40.290+0000] {logging_mixin.py:190} INFO - [2025-10-07T03:46:40.290+0000] {dag.py:4156} INFO - Setting next_dagrun for stock_price_forecast_pipeline to 2025-10-07 03:30:00+00:00, run_after=2025-10-08 03:30:00+00:00
[2025-10-07T03:46:40.298+0000] {processor.py:208} INFO - Processing /opt/airflow/dags/stock_price_forecast_pipeline.py took 0.300 seconds
[2025-10-07T03:47:10.710+0000] {processor.py:186} INFO - Started process (PID=57673) to work on /opt/airflow/dags/stock_price_forecast_pipeline.py
[2025-10-07T03:47:10.710+0000] {processor.py:914} INFO - Processing file /opt/airflow/dags/stock_price_forecast_pipeline.py for tasks to queue
[2025-10-07T03:47:10.711+0000] {logging_mixin.py:190} INFO - [2025-10-07T03:47:10.711+0000] {dagbag.py:587} INFO - Filling up the DagBag from /opt/airflow/dags/stock_price_forecast_pipeline.py
[2025-10-07T03:47:10.955+0000] {processor.py:925} INFO - DAG(s) 'stock_price_forecast_pipeline' retrieved from /opt/airflow/dags/stock_price_forecast_pipeline.py
[2025-10-07T03:47:10.964+0000] {logging_mixin.py:190} INFO - [2025-10-07T03:47:10.963+0000] {dag.py:3229} INFO - Sync 1 DAGs
[2025-10-07T03:47:10.971+0000] {logging_mixin.py:190} INFO - [2025-10-07T03:47:10.971+0000] {dag.py:4156} INFO - Setting next_dagrun for stock_price_forecast_pipeline to 2025-10-07 03:30:00+00:00, run_after=2025-10-08 03:30:00+00:00
[2025-10-07T03:47:10.979+0000] {processor.py:208} INFO - Processing /opt/airflow/dags/stock_price_forecast_pipeline.py took 0.271 seconds
[2025-10-07T03:47:41.274+0000] {processor.py:186} INFO - Started process (PID=57699) to work on /opt/airflow/dags/stock_price_forecast_pipeline.py
[2025-10-07T03:47:41.275+0000] {processor.py:914} INFO - Processing file /opt/airflow/dags/stock_price_forecast_pipeline.py for tasks to queue
[2025-10-07T03:47:41.276+0000] {logging_mixin.py:190} INFO - [2025-10-07T03:47:41.276+0000] {dagbag.py:587} INFO - Filling up the DagBag from /opt/airflow/dags/stock_price_forecast_pipeline.py
[2025-10-07T03:47:41.536+0000] {processor.py:925} INFO - DAG(s) 'stock_price_forecast_pipeline' retrieved from /opt/airflow/dags/stock_price_forecast_pipeline.py
[2025-10-07T03:47:41.545+0000] {logging_mixin.py:190} INFO - [2025-10-07T03:47:41.545+0000] {dag.py:3229} INFO - Sync 1 DAGs
[2025-10-07T03:47:41.553+0000] {logging_mixin.py:190} INFO - [2025-10-07T03:47:41.553+0000] {dag.py:4156} INFO - Setting next_dagrun for stock_price_forecast_pipeline to 2025-10-07 03:30:00+00:00, run_after=2025-10-08 03:30:00+00:00
[2025-10-07T03:47:41.560+0000] {processor.py:208} INFO - Processing /opt/airflow/dags/stock_price_forecast_pipeline.py took 0.290 seconds
[2025-10-07T03:48:11.964+0000] {processor.py:186} INFO - Started process (PID=57725) to work on /opt/airflow/dags/stock_price_forecast_pipeline.py
[2025-10-07T03:48:11.965+0000] {processor.py:914} INFO - Processing file /opt/airflow/dags/stock_price_forecast_pipeline.py for tasks to queue
[2025-10-07T03:48:11.967+0000] {logging_mixin.py:190} INFO - [2025-10-07T03:48:11.966+0000] {dagbag.py:587} INFO - Filling up the DagBag from /opt/airflow/dags/stock_price_forecast_pipeline.py
[2025-10-07T03:48:12.243+0000] {processor.py:925} INFO - DAG(s) 'stock_price_forecast_pipeline' retrieved from /opt/airflow/dags/stock_price_forecast_pipeline.py
[2025-10-07T03:48:12.255+0000] {logging_mixin.py:190} INFO - [2025-10-07T03:48:12.254+0000] {dag.py:3229} INFO - Sync 1 DAGs
[2025-10-07T03:48:12.264+0000] {logging_mixin.py:190} INFO - [2025-10-07T03:48:12.264+0000] {dag.py:4156} INFO - Setting next_dagrun for stock_price_forecast_pipeline to 2025-10-07 03:30:00+00:00, run_after=2025-10-08 03:30:00+00:00
[2025-10-07T03:48:12.271+0000] {processor.py:208} INFO - Processing /opt/airflow/dags/stock_price_forecast_pipeline.py took 0.313 seconds
