[2025-10-06T03:04:25.561+0000] {local_task_job_runner.py:123} INFO - ::group::Pre task execution logs
[2025-10-06T03:04:25.567+0000] {taskinstance.py:2612} INFO - Dependencies all met for dep_context=non-requeueable deps ti=<TaskInstance: stocks_prediction_analysis.predict scheduled__2025-10-05T02:30:00+00:00 [queued]>
[2025-10-06T03:04:25.570+0000] {taskinstance.py:2612} INFO - Dependencies all met for dep_context=requeueable deps ti=<TaskInstance: stocks_prediction_analysis.predict scheduled__2025-10-05T02:30:00+00:00 [queued]>
[2025-10-06T03:04:25.570+0000] {taskinstance.py:2865} INFO - Starting attempt 1 of 1
[2025-10-06T03:04:25.574+0000] {taskinstance.py:2888} INFO - Executing <Task(_PythonDecoratedOperator): predict> on 2025-10-05 02:30:00+00:00
[2025-10-06T03:04:25.578+0000] {logging_mixin.py:190} WARNING - /home/***/.local/lib/python3.12/site-packages/***/task/task_runner/standard_task_runner.py:70 DeprecationWarning: This process (pid=43681) is multi-threaded, use of fork() may lead to deadlocks in the child.
[2025-10-06T03:04:25.579+0000] {standard_task_runner.py:72} INFO - Started process 43684 to run task
[2025-10-06T03:04:25.578+0000] {standard_task_runner.py:104} INFO - Running: ['***', 'tasks', 'run', 'stocks_prediction_analysis', 'predict', 'scheduled__2025-10-05T02:30:00+00:00', '--job-id', '97', '--raw', '--subdir', 'DAGS_FOLDER/lab1.py', '--cfg-path', '/tmp/tmpitp0bxxw']
[2025-10-06T03:04:25.583+0000] {standard_task_runner.py:105} INFO - Job 97: Subtask predict
[2025-10-06T03:04:25.737+0000] {task_command.py:467} INFO - Running <TaskInstance: stocks_prediction_analysis.predict scheduled__2025-10-05T02:30:00+00:00 [running]> on host b99170a1b783
[2025-10-06T03:04:25.760+0000] {taskinstance.py:3131} INFO - Exporting env vars: AIRFLOW_CTX_DAG_OWNER='***' AIRFLOW_CTX_DAG_ID='stocks_prediction_analysis' AIRFLOW_CTX_TASK_ID='predict' AIRFLOW_CTX_EXECUTION_DATE='2025-10-05T02:30:00+00:00' AIRFLOW_CTX_TRY_NUMBER='1' AIRFLOW_CTX_DAG_RUN_ID='scheduled__2025-10-05T02:30:00+00:00'
[2025-10-06T03:04:25.760+0000] {taskinstance.py:731} INFO - ::endgroup::
[2025-10-06T03:04:25.765+0000] {base.py:84} INFO - Retrieving connection 'snowflake_conn'
[2025-10-06T03:04:25.765+0000] {connection.py:413} INFO - Snowflake Connector for Python Version: 3.12.1, Python Version: 3.12.5, Platform: Linux-6.10.14-linuxkit-aarch64-with-glibc2.36
[2025-10-06T03:04:25.765+0000] {connection.py:1196} INFO - Connecting to GLOBAL Snowflake domain
[2025-10-06T03:04:25.765+0000] {connection.py:1277} INFO - This connection is in OCSP Fail Open Mode. TLS Certificates would be checked for validity and revocation status. Any other Certificate Revocation related exceptions or OCSP Responder failures would be disregarded in favor of connectivity.
[2025-10-06T03:04:50.970+0000] {cursor.py:1156} INFO - Number of results in first chunk: 1
[2025-10-06T03:04:52.256+0000] {cursor.py:1156} INFO - Number of results in first chunk: 1
[2025-10-06T03:04:52.347+0000] {cursor.py:1156} INFO - Number of results in first chunk: 1
[2025-10-06T03:04:52.348+0000] {connection.py:788} INFO - closed
[2025-10-06T03:04:52.405+0000] {connection.py:794} INFO - No async queries seem to be running, deleting session
[2025-10-06T03:04:52.478+0000] {python.py:240} INFO - Done. Returned value was: None
[2025-10-06T03:04:52.494+0000] {taskinstance.py:340} INFO - ::group::Post task execution logs
[2025-10-06T03:04:52.495+0000] {taskinstance.py:352} INFO - Marking task as SUCCESS. dag_id=stocks_prediction_analysis, task_id=predict, run_id=scheduled__2025-10-05T02:30:00+00:00, execution_date=20251005T023000, start_date=20251006T030425, end_date=20251006T030452
[2025-10-06T03:04:52.526+0000] {local_task_job_runner.py:266} INFO - Task exited with return code 0
[2025-10-06T03:04:52.536+0000] {taskinstance.py:3900} INFO - 0 downstream tasks scheduled from follow-on schedule check
[2025-10-06T03:04:52.537+0000] {local_task_job_runner.py:245} INFO - ::endgroup::
[2025-10-06T19:31:23.497+0000] {local_task_job_runner.py:123} INFO - ::group::Pre task execution logs
[2025-10-06T19:31:23.504+0000] {taskinstance.py:2612} INFO - Dependencies all met for dep_context=non-requeueable deps ti=<TaskInstance: stocks_prediction_analysis.predict scheduled__2025-10-05T02:30:00+00:00 [queued]>
[2025-10-06T19:31:23.507+0000] {taskinstance.py:2612} INFO - Dependencies all met for dep_context=requeueable deps ti=<TaskInstance: stocks_prediction_analysis.predict scheduled__2025-10-05T02:30:00+00:00 [queued]>
[2025-10-06T19:31:23.507+0000] {taskinstance.py:2865} INFO - Starting attempt 1 of 1
[2025-10-06T19:31:23.512+0000] {taskinstance.py:2888} INFO - Executing <Task(_PythonDecoratedOperator): predict> on 2025-10-05 02:30:00+00:00
[2025-10-06T19:31:23.517+0000] {logging_mixin.py:190} WARNING - /home/***/.local/lib/python3.12/site-packages/***/task/task_runner/standard_task_runner.py:70 DeprecationWarning: This process (pid=46652) is multi-threaded, use of fork() may lead to deadlocks in the child.
[2025-10-06T19:31:23.520+0000] {standard_task_runner.py:72} INFO - Started process 46655 to run task
[2025-10-06T19:31:23.517+0000] {standard_task_runner.py:104} INFO - Running: ['***', 'tasks', 'run', 'stocks_prediction_analysis', 'predict', 'scheduled__2025-10-05T02:30:00+00:00', '--job-id', '104', '--raw', '--subdir', 'DAGS_FOLDER/lab1.py', '--cfg-path', '/tmp/tmpj4tnfp4w']
[2025-10-06T19:31:23.522+0000] {standard_task_runner.py:105} INFO - Job 104: Subtask predict
[2025-10-06T19:31:23.698+0000] {task_command.py:467} INFO - Running <TaskInstance: stocks_prediction_analysis.predict scheduled__2025-10-05T02:30:00+00:00 [running]> on host b99170a1b783
[2025-10-06T19:31:23.720+0000] {taskinstance.py:3131} INFO - Exporting env vars: AIRFLOW_CTX_DAG_OWNER='***' AIRFLOW_CTX_DAG_ID='stocks_prediction_analysis' AIRFLOW_CTX_TASK_ID='predict' AIRFLOW_CTX_EXECUTION_DATE='2025-10-05T02:30:00+00:00' AIRFLOW_CTX_TRY_NUMBER='1' AIRFLOW_CTX_DAG_RUN_ID='scheduled__2025-10-05T02:30:00+00:00'
[2025-10-06T19:31:23.721+0000] {taskinstance.py:731} INFO - ::endgroup::
[2025-10-06T19:31:23.724+0000] {base.py:84} INFO - Retrieving connection 'snowflake_conn'
[2025-10-06T19:31:23.725+0000] {connection.py:413} INFO - Snowflake Connector for Python Version: 3.12.1, Python Version: 3.12.5, Platform: Linux-6.10.14-linuxkit-aarch64-with-glibc2.36
[2025-10-06T19:31:23.725+0000] {connection.py:1196} INFO - Connecting to GLOBAL Snowflake domain
[2025-10-06T19:31:23.725+0000] {connection.py:1277} INFO - This connection is in OCSP Fail Open Mode. TLS Certificates would be checked for validity and revocation status. Any other Certificate Revocation related exceptions or OCSP Responder failures would be disregarded in favor of connectivity.
[2025-10-06T19:31:44.022+0000] {cursor.py:1156} INFO - Number of results in first chunk: 1
[2025-10-06T19:31:45.037+0000] {cursor.py:1156} INFO - Number of results in first chunk: 1
[2025-10-06T19:31:45.155+0000] {cursor.py:1156} INFO - Number of results in first chunk: 1
[2025-10-06T19:31:45.156+0000] {connection.py:788} INFO - closed
[2025-10-06T19:31:45.202+0000] {connection.py:794} INFO - No async queries seem to be running, deleting session
[2025-10-06T19:31:45.265+0000] {python.py:240} INFO - Done. Returned value was: None
[2025-10-06T19:31:45.278+0000] {taskinstance.py:340} INFO - ::group::Post task execution logs
[2025-10-06T19:31:45.279+0000] {taskinstance.py:352} INFO - Marking task as SUCCESS. dag_id=stocks_prediction_analysis, task_id=predict, run_id=scheduled__2025-10-05T02:30:00+00:00, execution_date=20251005T023000, start_date=20251006T193123, end_date=20251006T193145
[2025-10-06T19:31:45.300+0000] {local_task_job_runner.py:266} INFO - Task exited with return code 0
[2025-10-06T19:31:45.308+0000] {taskinstance.py:3900} INFO - 0 downstream tasks scheduled from follow-on schedule check
[2025-10-06T19:31:45.308+0000] {local_task_job_runner.py:245} INFO - ::endgroup::
