[2025-10-07T02:34:18.055+0000] {local_task_job_runner.py:123} INFO - ::group::Pre task execution logs
[2025-10-07T02:34:18.060+0000] {taskinstance.py:2612} INFO - Dependencies all met for dep_context=non-requeueable deps ti=<TaskInstance: ETL.download_stock_data scheduled__2025-10-06T02:30:00+00:00 [queued]>
[2025-10-07T02:34:18.062+0000] {taskinstance.py:2612} INFO - Dependencies all met for dep_context=requeueable deps ti=<TaskInstance: ETL.download_stock_data scheduled__2025-10-06T02:30:00+00:00 [queued]>
[2025-10-07T02:34:18.062+0000] {taskinstance.py:2865} INFO - Starting attempt 1 of 1
[2025-10-07T02:34:18.066+0000] {taskinstance.py:2888} INFO - Executing <Task(_PythonDecoratedOperator): download_stock_data> on 2025-10-06 02:30:00+00:00
[2025-10-07T02:34:18.069+0000] {logging_mixin.py:190} WARNING - /home/***/.local/lib/python3.12/site-packages/***/task/task_runner/standard_task_runner.py:70 DeprecationWarning: This process (pid=55405) is multi-threaded, use of fork() may lead to deadlocks in the child.
[2025-10-07T02:34:18.070+0000] {standard_task_runner.py:72} INFO - Started process 55413 to run task
[2025-10-07T02:34:18.070+0000] {standard_task_runner.py:104} INFO - Running: ['***', 'tasks', 'run', 'ETL', 'download_stock_data', 'scheduled__2025-10-06T02:30:00+00:00', '--job-id', '120', '--raw', '--subdir', 'DAGS_FOLDER/ETL.py', '--cfg-path', '/tmp/tmp45gdac7v']
[2025-10-07T02:34:18.071+0000] {standard_task_runner.py:105} INFO - Job 120: Subtask download_stock_data
[2025-10-07T02:34:18.173+0000] {task_command.py:467} INFO - Running <TaskInstance: ETL.download_stock_data scheduled__2025-10-06T02:30:00+00:00 [running]> on host b99170a1b783
[2025-10-07T02:34:18.196+0000] {taskinstance.py:3131} INFO - Exporting env vars: AIRFLOW_CTX_DAG_OWNER='***' AIRFLOW_CTX_DAG_ID='ETL' AIRFLOW_CTX_TASK_ID='download_stock_data' AIRFLOW_CTX_EXECUTION_DATE='2025-10-06T02:30:00+00:00' AIRFLOW_CTX_TRY_NUMBER='1' AIRFLOW_CTX_DAG_RUN_ID='scheduled__2025-10-06T02:30:00+00:00'
[2025-10-07T02:34:18.197+0000] {taskinstance.py:731} INFO - ::endgroup::
[2025-10-07T02:34:18.198+0000] {logging_mixin.py:190} WARNING - /opt/***/dags/ETL.py:16 FutureWarning: YF.download() has changed argument auto_adjust default to True
[2025-10-07T02:34:18.429+0000] {logging_mixin.py:190} WARNING - [                       0%                       ]
[2025-10-07T02:34:18.432+0000] {logging_mixin.py:190} WARNING - [*********************100%***********************]  2 of 2 completed
[2025-10-07T02:34:18.436+0000] {python.py:240} INFO - Done. Returned value was: Price            Close              ...     Volume           
Ticker            NVDA        TSLA  ...       NVDA       TSLA
Date                                ...                      
2025-01-17  137.680008  426.500000  ...  201188800   94991400
2025-01-21  140.799332  424.070007  ...  197749000   87320900
2025-01-22  147.037994  415.109985  ...  237651400   60963300
2025-01-23  147.187943  412.380005  ...  155915500   50690600
2025-01-24  142.588928  406.579987  ...  234657600   56427100
...                ...         ...  ...        ...        ...
2025-09-30  186.580002  444.720001  ...  236981000   74358000
2025-10-01  187.240005  459.459991  ...  173844900   98122300
2025-10-02  188.889999  436.000000  ...  136805800  137009000
2025-10-03  187.619995  429.829987  ...  137596900  133188200
2025-10-06  185.539993  453.250000  ...  156436000   84866800

[180 rows x 10 columns]
[2025-10-07T02:34:18.471+0000] {taskinstance.py:340} INFO - ::group::Post task execution logs
[2025-10-07T02:34:18.472+0000] {taskinstance.py:352} INFO - Marking task as SUCCESS. dag_id=ETL, task_id=download_stock_data, run_id=scheduled__2025-10-06T02:30:00+00:00, execution_date=20251006T023000, start_date=20251007T023418, end_date=20251007T023418
[2025-10-07T02:34:18.503+0000] {local_task_job_runner.py:266} INFO - Task exited with return code 0
[2025-10-07T02:34:18.597+0000] {taskinstance.py:3900} INFO - 1 downstream tasks scheduled from follow-on schedule check
[2025-10-07T02:34:18.598+0000] {local_task_job_runner.py:245} INFO - ::endgroup::
