[2025-10-06T19:21:37.539+0000] {local_task_job_runner.py:123} INFO - ::group::Pre task execution logs
[2025-10-06T19:21:37.545+0000] {taskinstance.py:2612} INFO - Dependencies all met for dep_context=non-requeueable deps ti=<TaskInstance: stocks_prediction_analysis.download_stock_data manual__2025-10-06T19:21:36.081433+00:00 [queued]>
[2025-10-06T19:21:37.549+0000] {taskinstance.py:2612} INFO - Dependencies all met for dep_context=requeueable deps ti=<TaskInstance: stocks_prediction_analysis.download_stock_data manual__2025-10-06T19:21:36.081433+00:00 [queued]>
[2025-10-06T19:21:37.551+0000] {taskinstance.py:2865} INFO - Starting attempt 1 of 1
[2025-10-06T19:21:37.556+0000] {taskinstance.py:2888} INFO - Executing <Task(_PythonDecoratedOperator): download_stock_data> on 2025-10-06 19:21:36.081433+00:00
[2025-10-06T19:21:37.564+0000] {logging_mixin.py:190} WARNING - /home/***/.local/lib/python3.12/site-packages/***/task/task_runner/standard_task_runner.py:70 DeprecationWarning: This process (pid=46286) is multi-threaded, use of fork() may lead to deadlocks in the child.
[2025-10-06T19:21:37.564+0000] {standard_task_runner.py:72} INFO - Started process 46293 to run task
[2025-10-06T19:21:37.564+0000] {standard_task_runner.py:104} INFO - Running: ['***', 'tasks', 'run', 'stocks_prediction_analysis', 'download_stock_data', 'manual__2025-10-06T19:21:36.081433+00:00', '--job-id', '99', '--raw', '--subdir', 'DAGS_FOLDER/lab1.py', '--cfg-path', '/tmp/tmpzcr6twqc']
[2025-10-06T19:21:37.566+0000] {standard_task_runner.py:105} INFO - Job 99: Subtask download_stock_data
[2025-10-06T19:21:37.736+0000] {task_command.py:467} INFO - Running <TaskInstance: stocks_prediction_analysis.download_stock_data manual__2025-10-06T19:21:36.081433+00:00 [running]> on host b99170a1b783
[2025-10-06T19:21:37.760+0000] {taskinstance.py:3131} INFO - Exporting env vars: AIRFLOW_CTX_DAG_OWNER='***' AIRFLOW_CTX_DAG_ID='stocks_prediction_analysis' AIRFLOW_CTX_TASK_ID='download_stock_data' AIRFLOW_CTX_EXECUTION_DATE='2025-10-06T19:21:36.081433+00:00' AIRFLOW_CTX_TRY_NUMBER='1' AIRFLOW_CTX_DAG_RUN_ID='manual__2025-10-06T19:21:36.081433+00:00'
[2025-10-06T19:21:37.760+0000] {taskinstance.py:731} INFO - ::endgroup::
[2025-10-06T19:21:37.761+0000] {logging_mixin.py:190} WARNING - /opt/***/dags/lab1.py:16 FutureWarning: YF.download() has changed argument auto_adjust default to True
[2025-10-06T19:21:38.071+0000] {logging_mixin.py:190} WARNING - [                       0%                       ]
[2025-10-06T19:21:38.085+0000] {logging_mixin.py:190} WARNING - [*********************100%***********************]  2 of 2 completed
[2025-10-06T19:21:38.088+0000] {python.py:240} INFO - Done. Returned value was: Price            Close              ...     Volume           
Ticker            NVDA        TSLA  ...       NVDA       TSLA
Date                                ...                      
2025-01-17  137.680008  426.500000  ...  201188800   94991400
2025-01-21  140.799332  424.070007  ...  197749000   87320900
2025-01-22  147.037994  415.109985  ...  237651400   60963300
2025-01-23  147.187943  412.380005  ...  155915500   50690600
2025-01-24  142.588928  406.579987  ...  234657600   56427100
...                ...         ...  ...        ...        ...
2025-09-30  186.580002  444.720001  ...  236981000   74358000
2025-10-01  187.240005  459.459991  ...  173844900   98122300
2025-10-02  188.889999  436.000000  ...  136805800  137009000
2025-10-03  187.619995  429.829987  ...  137340500  132772600
2025-10-06  185.673706  452.720001  ...  128410208   69460469

[180 rows x 10 columns]
[2025-10-06T19:21:38.116+0000] {taskinstance.py:340} INFO - ::group::Post task execution logs
[2025-10-06T19:21:38.117+0000] {taskinstance.py:352} INFO - Marking task as SUCCESS. dag_id=stocks_prediction_analysis, task_id=download_stock_data, run_id=manual__2025-10-06T19:21:36.081433+00:00, execution_date=20251006T192136, start_date=20251006T192137, end_date=20251006T192138
[2025-10-06T19:21:38.154+0000] {local_task_job_runner.py:266} INFO - Task exited with return code 0
[2025-10-06T19:21:38.267+0000] {taskinstance.py:3900} INFO - 1 downstream tasks scheduled from follow-on schedule check
[2025-10-06T19:21:38.267+0000] {local_task_job_runner.py:245} INFO - ::endgroup::
