[2025-10-05T22:16:33.106+0000] {processor.py:186} INFO - Started process (PID=42434) to work on /opt/airflow/dags/StockAnalysis_Assignment.py
[2025-10-05T22:16:33.108+0000] {processor.py:914} INFO - Processing file /opt/airflow/dags/StockAnalysis_Assignment.py for tasks to queue
[2025-10-05T22:16:33.109+0000] {logging_mixin.py:190} INFO - [2025-10-05T22:16:33.108+0000] {dagbag.py:587} INFO - Filling up the DagBag from /opt/airflow/dags/StockAnalysis_Assignment.py
[2025-10-05T22:16:33.120+0000] {processor.py:925} INFO - DAG(s) 'StockAnalysis' retrieved from /opt/airflow/dags/StockAnalysis_Assignment.py
[2025-10-05T22:16:33.195+0000] {logging_mixin.py:190} INFO - [2025-10-05T22:16:33.192+0000] {override.py:1900} INFO - Created Permission View: can read on DAG:StockAnalysis
[2025-10-05T22:16:33.201+0000] {logging_mixin.py:190} INFO - [2025-10-05T22:16:33.201+0000] {override.py:1900} INFO - Created Permission View: can delete on DAG:StockAnalysis
[2025-10-05T22:16:33.203+0000] {logging_mixin.py:190} INFO - [2025-10-05T22:16:33.203+0000] {override.py:1900} INFO - Created Permission View: can edit on DAG:StockAnalysis
[2025-10-05T22:16:33.205+0000] {logging_mixin.py:190} INFO - [2025-10-05T22:16:33.205+0000] {override.py:1900} INFO - Created Permission View: can create on DAG Run:StockAnalysis
[2025-10-05T22:16:33.206+0000] {logging_mixin.py:190} INFO - [2025-10-05T22:16:33.206+0000] {override.py:1900} INFO - Created Permission View: can read on DAG Run:StockAnalysis
[2025-10-05T22:16:33.210+0000] {logging_mixin.py:190} INFO - [2025-10-05T22:16:33.209+0000] {override.py:1900} INFO - Created Permission View: can delete on DAG Run:StockAnalysis
[2025-10-05T22:16:33.211+0000] {logging_mixin.py:190} INFO - [2025-10-05T22:16:33.211+0000] {override.py:1900} INFO - Created Permission View: menu access on DAG Run:StockAnalysis
[2025-10-05T22:16:33.211+0000] {logging_mixin.py:190} INFO - [2025-10-05T22:16:33.211+0000] {dag.py:3229} INFO - Sync 1 DAGs
[2025-10-05T22:16:33.218+0000] {logging_mixin.py:190} INFO - [2025-10-05T22:16:33.217+0000] {dag.py:3252} INFO - Creating ORM DAG for StockAnalysis
[2025-10-05T22:16:33.223+0000] {logging_mixin.py:190} INFO - [2025-10-05T22:16:33.223+0000] {dag.py:4156} INFO - Setting next_dagrun for StockAnalysis to 2025-10-04 02:30:00+00:00, run_after=2025-10-05 02:30:00+00:00
[2025-10-05T22:16:33.232+0000] {processor.py:208} INFO - Processing /opt/airflow/dags/StockAnalysis_Assignment.py took 0.131 seconds
[2025-10-05T22:17:03.670+0000] {processor.py:186} INFO - Started process (PID=42485) to work on /opt/airflow/dags/StockAnalysis_Assignment.py
[2025-10-05T22:17:03.672+0000] {processor.py:914} INFO - Processing file /opt/airflow/dags/StockAnalysis_Assignment.py for tasks to queue
[2025-10-05T22:17:03.673+0000] {logging_mixin.py:190} INFO - [2025-10-05T22:17:03.673+0000] {dagbag.py:587} INFO - Filling up the DagBag from /opt/airflow/dags/StockAnalysis_Assignment.py
[2025-10-05T22:17:03.682+0000] {processor.py:925} INFO - DAG(s) 'StockAnalysis' retrieved from /opt/airflow/dags/StockAnalysis_Assignment.py
[2025-10-05T22:17:03.697+0000] {logging_mixin.py:190} INFO - [2025-10-05T22:17:03.697+0000] {dag.py:3229} INFO - Sync 1 DAGs
[2025-10-05T22:17:03.708+0000] {logging_mixin.py:190} INFO - [2025-10-05T22:17:03.708+0000] {dag.py:4156} INFO - Setting next_dagrun for StockAnalysis to 2025-10-05 02:30:00+00:00, run_after=2025-10-06 02:30:00+00:00
[2025-10-05T22:17:03.714+0000] {processor.py:208} INFO - Processing /opt/airflow/dags/StockAnalysis_Assignment.py took 0.050 seconds
[2025-10-05T22:17:34.146+0000] {processor.py:186} INFO - Started process (PID=42506) to work on /opt/airflow/dags/StockAnalysis_Assignment.py
[2025-10-05T22:17:34.147+0000] {processor.py:914} INFO - Processing file /opt/airflow/dags/StockAnalysis_Assignment.py for tasks to queue
[2025-10-05T22:17:34.148+0000] {logging_mixin.py:190} INFO - [2025-10-05T22:17:34.147+0000] {dagbag.py:587} INFO - Filling up the DagBag from /opt/airflow/dags/StockAnalysis_Assignment.py
[2025-10-05T22:17:34.158+0000] {processor.py:925} INFO - DAG(s) 'StockAnalysis' retrieved from /opt/airflow/dags/StockAnalysis_Assignment.py
[2025-10-05T22:17:34.173+0000] {logging_mixin.py:190} INFO - [2025-10-05T22:17:34.173+0000] {dag.py:3229} INFO - Sync 1 DAGs
[2025-10-05T22:17:34.186+0000] {logging_mixin.py:190} INFO - [2025-10-05T22:17:34.186+0000] {dag.py:4156} INFO - Setting next_dagrun for StockAnalysis to 2025-10-05 02:30:00+00:00, run_after=2025-10-06 02:30:00+00:00
[2025-10-05T22:17:34.193+0000] {processor.py:208} INFO - Processing /opt/airflow/dags/StockAnalysis_Assignment.py took 0.053 seconds
[2025-10-05T22:18:04.687+0000] {processor.py:186} INFO - Started process (PID=42527) to work on /opt/airflow/dags/StockAnalysis_Assignment.py
[2025-10-05T22:18:04.689+0000] {processor.py:914} INFO - Processing file /opt/airflow/dags/StockAnalysis_Assignment.py for tasks to queue
[2025-10-05T22:18:04.690+0000] {logging_mixin.py:190} INFO - [2025-10-05T22:18:04.689+0000] {dagbag.py:587} INFO - Filling up the DagBag from /opt/airflow/dags/StockAnalysis_Assignment.py
[2025-10-05T22:18:04.697+0000] {processor.py:925} INFO - DAG(s) 'StockAnalysis' retrieved from /opt/airflow/dags/StockAnalysis_Assignment.py
[2025-10-05T22:18:04.711+0000] {logging_mixin.py:190} INFO - [2025-10-05T22:18:04.711+0000] {dag.py:3229} INFO - Sync 1 DAGs
[2025-10-05T22:18:04.723+0000] {logging_mixin.py:190} INFO - [2025-10-05T22:18:04.722+0000] {dag.py:4156} INFO - Setting next_dagrun for StockAnalysis to 2025-10-05 02:30:00+00:00, run_after=2025-10-06 02:30:00+00:00
[2025-10-05T22:18:04.729+0000] {processor.py:208} INFO - Processing /opt/airflow/dags/StockAnalysis_Assignment.py took 0.058 seconds
[2025-10-05T22:18:35.154+0000] {processor.py:186} INFO - Started process (PID=42548) to work on /opt/airflow/dags/StockAnalysis_Assignment.py
[2025-10-05T22:18:35.155+0000] {processor.py:914} INFO - Processing file /opt/airflow/dags/StockAnalysis_Assignment.py for tasks to queue
[2025-10-05T22:18:35.156+0000] {logging_mixin.py:190} INFO - [2025-10-05T22:18:35.156+0000] {dagbag.py:587} INFO - Filling up the DagBag from /opt/airflow/dags/StockAnalysis_Assignment.py
[2025-10-05T22:18:35.164+0000] {processor.py:925} INFO - DAG(s) 'StockAnalysis' retrieved from /opt/airflow/dags/StockAnalysis_Assignment.py
[2025-10-05T22:18:35.180+0000] {logging_mixin.py:190} INFO - [2025-10-05T22:18:35.180+0000] {dag.py:3229} INFO - Sync 1 DAGs
[2025-10-05T22:18:35.192+0000] {logging_mixin.py:190} INFO - [2025-10-05T22:18:35.192+0000] {dag.py:4156} INFO - Setting next_dagrun for StockAnalysis to 2025-10-05 02:30:00+00:00, run_after=2025-10-06 02:30:00+00:00
[2025-10-05T22:18:35.198+0000] {processor.py:208} INFO - Processing /opt/airflow/dags/StockAnalysis_Assignment.py took 0.052 seconds
[2025-10-05T22:19:05.578+0000] {processor.py:186} INFO - Started process (PID=42569) to work on /opt/airflow/dags/StockAnalysis_Assignment.py
[2025-10-05T22:19:05.578+0000] {processor.py:914} INFO - Processing file /opt/airflow/dags/StockAnalysis_Assignment.py for tasks to queue
[2025-10-05T22:19:05.579+0000] {logging_mixin.py:190} INFO - [2025-10-05T22:19:05.579+0000] {dagbag.py:587} INFO - Filling up the DagBag from /opt/airflow/dags/StockAnalysis_Assignment.py
[2025-10-05T22:19:05.595+0000] {processor.py:925} INFO - DAG(s) 'StockAnalysis' retrieved from /opt/airflow/dags/StockAnalysis_Assignment.py
[2025-10-05T22:19:05.612+0000] {logging_mixin.py:190} INFO - [2025-10-05T22:19:05.612+0000] {dag.py:3229} INFO - Sync 1 DAGs
[2025-10-05T22:19:05.625+0000] {logging_mixin.py:190} INFO - [2025-10-05T22:19:05.625+0000] {dag.py:4156} INFO - Setting next_dagrun for StockAnalysis to 2025-10-05 02:30:00+00:00, run_after=2025-10-06 02:30:00+00:00
[2025-10-05T22:19:05.633+0000] {processor.py:208} INFO - Processing /opt/airflow/dags/StockAnalysis_Assignment.py took 0.061 seconds
[2025-10-05T22:19:36.157+0000] {processor.py:186} INFO - Started process (PID=42590) to work on /opt/airflow/dags/StockAnalysis_Assignment.py
[2025-10-05T22:19:36.158+0000] {processor.py:914} INFO - Processing file /opt/airflow/dags/StockAnalysis_Assignment.py for tasks to queue
[2025-10-05T22:19:36.159+0000] {logging_mixin.py:190} INFO - [2025-10-05T22:19:36.159+0000] {dagbag.py:587} INFO - Filling up the DagBag from /opt/airflow/dags/StockAnalysis_Assignment.py
[2025-10-05T22:19:36.167+0000] {processor.py:925} INFO - DAG(s) 'StockAnalysis' retrieved from /opt/airflow/dags/StockAnalysis_Assignment.py
[2025-10-05T22:19:36.186+0000] {logging_mixin.py:190} INFO - [2025-10-05T22:19:36.185+0000] {dag.py:3229} INFO - Sync 1 DAGs
[2025-10-05T22:19:36.197+0000] {logging_mixin.py:190} INFO - [2025-10-05T22:19:36.196+0000] {dag.py:4156} INFO - Setting next_dagrun for StockAnalysis to 2025-10-05 02:30:00+00:00, run_after=2025-10-06 02:30:00+00:00
[2025-10-05T22:19:36.204+0000] {processor.py:208} INFO - Processing /opt/airflow/dags/StockAnalysis_Assignment.py took 0.053 seconds
[2025-10-05T22:20:06.652+0000] {processor.py:186} INFO - Started process (PID=42611) to work on /opt/airflow/dags/StockAnalysis_Assignment.py
[2025-10-05T22:20:06.653+0000] {processor.py:914} INFO - Processing file /opt/airflow/dags/StockAnalysis_Assignment.py for tasks to queue
[2025-10-05T22:20:06.654+0000] {logging_mixin.py:190} INFO - [2025-10-05T22:20:06.653+0000] {dagbag.py:587} INFO - Filling up the DagBag from /opt/airflow/dags/StockAnalysis_Assignment.py
[2025-10-05T22:20:06.662+0000] {processor.py:925} INFO - DAG(s) 'StockAnalysis' retrieved from /opt/airflow/dags/StockAnalysis_Assignment.py
[2025-10-05T22:20:06.677+0000] {logging_mixin.py:190} INFO - [2025-10-05T22:20:06.677+0000] {dag.py:3229} INFO - Sync 1 DAGs
[2025-10-05T22:20:06.688+0000] {logging_mixin.py:190} INFO - [2025-10-05T22:20:06.688+0000] {dag.py:4156} INFO - Setting next_dagrun for StockAnalysis to 2025-10-05 02:30:00+00:00, run_after=2025-10-06 02:30:00+00:00
[2025-10-05T22:20:06.694+0000] {processor.py:208} INFO - Processing /opt/airflow/dags/StockAnalysis_Assignment.py took 0.046 seconds
[2025-10-05T22:20:37.237+0000] {processor.py:186} INFO - Started process (PID=42632) to work on /opt/airflow/dags/StockAnalysis_Assignment.py
[2025-10-05T22:20:37.239+0000] {processor.py:914} INFO - Processing file /opt/airflow/dags/StockAnalysis_Assignment.py for tasks to queue
[2025-10-05T22:20:37.239+0000] {logging_mixin.py:190} INFO - [2025-10-05T22:20:37.239+0000] {dagbag.py:587} INFO - Filling up the DagBag from /opt/airflow/dags/StockAnalysis_Assignment.py
[2025-10-05T22:20:37.246+0000] {processor.py:925} INFO - DAG(s) 'StockAnalysis' retrieved from /opt/airflow/dags/StockAnalysis_Assignment.py
[2025-10-05T22:20:37.260+0000] {logging_mixin.py:190} INFO - [2025-10-05T22:20:37.260+0000] {dag.py:3229} INFO - Sync 1 DAGs
[2025-10-05T22:20:37.270+0000] {logging_mixin.py:190} INFO - [2025-10-05T22:20:37.270+0000] {dag.py:4156} INFO - Setting next_dagrun for StockAnalysis to 2025-10-05 02:30:00+00:00, run_after=2025-10-06 02:30:00+00:00
[2025-10-05T22:20:37.277+0000] {processor.py:208} INFO - Processing /opt/airflow/dags/StockAnalysis_Assignment.py took 0.043 seconds
[2025-10-05T22:21:07.742+0000] {processor.py:186} INFO - Started process (PID=42653) to work on /opt/airflow/dags/StockAnalysis_Assignment.py
[2025-10-05T22:21:07.743+0000] {processor.py:914} INFO - Processing file /opt/airflow/dags/StockAnalysis_Assignment.py for tasks to queue
[2025-10-05T22:21:07.744+0000] {logging_mixin.py:190} INFO - [2025-10-05T22:21:07.743+0000] {dagbag.py:587} INFO - Filling up the DagBag from /opt/airflow/dags/StockAnalysis_Assignment.py
[2025-10-05T22:21:07.752+0000] {processor.py:925} INFO - DAG(s) 'StockAnalysis' retrieved from /opt/airflow/dags/StockAnalysis_Assignment.py
[2025-10-05T22:21:07.768+0000] {logging_mixin.py:190} INFO - [2025-10-05T22:21:07.768+0000] {dag.py:3229} INFO - Sync 1 DAGs
[2025-10-05T22:21:07.779+0000] {logging_mixin.py:190} INFO - [2025-10-05T22:21:07.779+0000] {dag.py:4156} INFO - Setting next_dagrun for StockAnalysis to 2025-10-05 02:30:00+00:00, run_after=2025-10-06 02:30:00+00:00
[2025-10-05T22:21:07.785+0000] {processor.py:208} INFO - Processing /opt/airflow/dags/StockAnalysis_Assignment.py took 0.049 seconds
[2025-10-05T22:21:38.340+0000] {processor.py:186} INFO - Started process (PID=42674) to work on /opt/airflow/dags/StockAnalysis_Assignment.py
[2025-10-05T22:21:38.341+0000] {processor.py:914} INFO - Processing file /opt/airflow/dags/StockAnalysis_Assignment.py for tasks to queue
[2025-10-05T22:21:38.341+0000] {logging_mixin.py:190} INFO - [2025-10-05T22:21:38.341+0000] {dagbag.py:587} INFO - Filling up the DagBag from /opt/airflow/dags/StockAnalysis_Assignment.py
[2025-10-05T22:21:38.349+0000] {processor.py:925} INFO - DAG(s) 'StockAnalysis' retrieved from /opt/airflow/dags/StockAnalysis_Assignment.py
[2025-10-05T22:21:38.365+0000] {logging_mixin.py:190} INFO - [2025-10-05T22:21:38.365+0000] {dag.py:3229} INFO - Sync 1 DAGs
[2025-10-05T22:21:38.376+0000] {logging_mixin.py:190} INFO - [2025-10-05T22:21:38.376+0000] {dag.py:4156} INFO - Setting next_dagrun for StockAnalysis to 2025-10-05 02:30:00+00:00, run_after=2025-10-06 02:30:00+00:00
[2025-10-05T22:21:38.383+0000] {processor.py:208} INFO - Processing /opt/airflow/dags/StockAnalysis_Assignment.py took 0.048 seconds
[2025-10-05T22:22:08.794+0000] {processor.py:186} INFO - Started process (PID=42695) to work on /opt/airflow/dags/StockAnalysis_Assignment.py
[2025-10-05T22:22:08.795+0000] {processor.py:914} INFO - Processing file /opt/airflow/dags/StockAnalysis_Assignment.py for tasks to queue
[2025-10-05T22:22:08.796+0000] {logging_mixin.py:190} INFO - [2025-10-05T22:22:08.796+0000] {dagbag.py:587} INFO - Filling up the DagBag from /opt/airflow/dags/StockAnalysis_Assignment.py
[2025-10-05T22:22:08.803+0000] {processor.py:925} INFO - DAG(s) 'StockAnalysis' retrieved from /opt/airflow/dags/StockAnalysis_Assignment.py
[2025-10-05T22:22:08.819+0000] {logging_mixin.py:190} INFO - [2025-10-05T22:22:08.819+0000] {dag.py:3229} INFO - Sync 1 DAGs
[2025-10-05T22:22:08.832+0000] {logging_mixin.py:190} INFO - [2025-10-05T22:22:08.832+0000] {dag.py:4156} INFO - Setting next_dagrun for StockAnalysis to 2025-10-05 02:30:00+00:00, run_after=2025-10-06 02:30:00+00:00
[2025-10-05T22:22:08.840+0000] {processor.py:208} INFO - Processing /opt/airflow/dags/StockAnalysis_Assignment.py took 0.050 seconds
[2025-10-05T22:22:39.334+0000] {processor.py:186} INFO - Started process (PID=42716) to work on /opt/airflow/dags/StockAnalysis_Assignment.py
[2025-10-05T22:22:39.336+0000] {processor.py:914} INFO - Processing file /opt/airflow/dags/StockAnalysis_Assignment.py for tasks to queue
[2025-10-05T22:22:39.337+0000] {logging_mixin.py:190} INFO - [2025-10-05T22:22:39.337+0000] {dagbag.py:587} INFO - Filling up the DagBag from /opt/airflow/dags/StockAnalysis_Assignment.py
[2025-10-05T22:22:39.345+0000] {processor.py:925} INFO - DAG(s) 'StockAnalysis' retrieved from /opt/airflow/dags/StockAnalysis_Assignment.py
[2025-10-05T22:22:39.374+0000] {logging_mixin.py:190} INFO - [2025-10-05T22:22:39.373+0000] {dag.py:3229} INFO - Sync 1 DAGs
[2025-10-05T22:22:39.390+0000] {logging_mixin.py:190} INFO - [2025-10-05T22:22:39.390+0000] {dag.py:4156} INFO - Setting next_dagrun for StockAnalysis to 2025-10-05 02:30:00+00:00, run_after=2025-10-06 02:30:00+00:00
[2025-10-05T22:22:39.397+0000] {processor.py:208} INFO - Processing /opt/airflow/dags/StockAnalysis_Assignment.py took 0.071 seconds
[2025-10-05T22:23:09.847+0000] {processor.py:186} INFO - Started process (PID=42737) to work on /opt/airflow/dags/StockAnalysis_Assignment.py
[2025-10-05T22:23:09.849+0000] {processor.py:914} INFO - Processing file /opt/airflow/dags/StockAnalysis_Assignment.py for tasks to queue
[2025-10-05T22:23:09.850+0000] {logging_mixin.py:190} INFO - [2025-10-05T22:23:09.850+0000] {dagbag.py:587} INFO - Filling up the DagBag from /opt/airflow/dags/StockAnalysis_Assignment.py
[2025-10-05T22:23:09.859+0000] {processor.py:925} INFO - DAG(s) 'StockAnalysis' retrieved from /opt/airflow/dags/StockAnalysis_Assignment.py
[2025-10-05T22:23:09.875+0000] {logging_mixin.py:190} INFO - [2025-10-05T22:23:09.875+0000] {dag.py:3229} INFO - Sync 1 DAGs
[2025-10-05T22:23:09.885+0000] {logging_mixin.py:190} INFO - [2025-10-05T22:23:09.885+0000] {dag.py:4156} INFO - Setting next_dagrun for StockAnalysis to 2025-10-05 02:30:00+00:00, run_after=2025-10-06 02:30:00+00:00
[2025-10-05T22:23:09.891+0000] {processor.py:208} INFO - Processing /opt/airflow/dags/StockAnalysis_Assignment.py took 0.051 seconds
[2025-10-05T22:23:40.404+0000] {processor.py:186} INFO - Started process (PID=42758) to work on /opt/airflow/dags/StockAnalysis_Assignment.py
[2025-10-05T22:23:40.406+0000] {processor.py:914} INFO - Processing file /opt/airflow/dags/StockAnalysis_Assignment.py for tasks to queue
[2025-10-05T22:23:40.406+0000] {logging_mixin.py:190} INFO - [2025-10-05T22:23:40.406+0000] {dagbag.py:587} INFO - Filling up the DagBag from /opt/airflow/dags/StockAnalysis_Assignment.py
[2025-10-05T22:23:40.411+0000] {processor.py:925} INFO - DAG(s) 'StockAnalysis' retrieved from /opt/airflow/dags/StockAnalysis_Assignment.py
[2025-10-05T22:23:40.424+0000] {logging_mixin.py:190} INFO - [2025-10-05T22:23:40.424+0000] {dag.py:3229} INFO - Sync 1 DAGs
[2025-10-05T22:23:40.435+0000] {logging_mixin.py:190} INFO - [2025-10-05T22:23:40.435+0000] {dag.py:4156} INFO - Setting next_dagrun for StockAnalysis to 2025-10-05 02:30:00+00:00, run_after=2025-10-06 02:30:00+00:00
[2025-10-05T22:23:40.442+0000] {processor.py:208} INFO - Processing /opt/airflow/dags/StockAnalysis_Assignment.py took 0.046 seconds
[2025-10-05T22:24:10.866+0000] {processor.py:186} INFO - Started process (PID=42779) to work on /opt/airflow/dags/StockAnalysis_Assignment.py
[2025-10-05T22:24:10.867+0000] {processor.py:914} INFO - Processing file /opt/airflow/dags/StockAnalysis_Assignment.py for tasks to queue
[2025-10-05T22:24:10.867+0000] {logging_mixin.py:190} INFO - [2025-10-05T22:24:10.867+0000] {dagbag.py:587} INFO - Filling up the DagBag from /opt/airflow/dags/StockAnalysis_Assignment.py
[2025-10-05T22:24:10.873+0000] {processor.py:925} INFO - DAG(s) 'StockAnalysis' retrieved from /opt/airflow/dags/StockAnalysis_Assignment.py
[2025-10-05T22:24:10.887+0000] {logging_mixin.py:190} INFO - [2025-10-05T22:24:10.887+0000] {dag.py:3229} INFO - Sync 1 DAGs
[2025-10-05T22:24:10.897+0000] {logging_mixin.py:190} INFO - [2025-10-05T22:24:10.897+0000] {dag.py:4156} INFO - Setting next_dagrun for StockAnalysis to 2025-10-05 02:30:00+00:00, run_after=2025-10-06 02:30:00+00:00
[2025-10-05T22:24:10.904+0000] {processor.py:208} INFO - Processing /opt/airflow/dags/StockAnalysis_Assignment.py took 0.042 seconds
[2025-10-05T22:24:41.434+0000] {processor.py:186} INFO - Started process (PID=42806) to work on /opt/airflow/dags/StockAnalysis_Assignment.py
[2025-10-05T22:24:41.435+0000] {processor.py:914} INFO - Processing file /opt/airflow/dags/StockAnalysis_Assignment.py for tasks to queue
[2025-10-05T22:24:41.436+0000] {logging_mixin.py:190} INFO - [2025-10-05T22:24:41.436+0000] {dagbag.py:587} INFO - Filling up the DagBag from /opt/airflow/dags/StockAnalysis_Assignment.py
[2025-10-05T22:24:41.445+0000] {processor.py:925} INFO - DAG(s) 'StockAnalysis' retrieved from /opt/airflow/dags/StockAnalysis_Assignment.py
[2025-10-05T22:24:41.499+0000] {logging_mixin.py:190} INFO - [2025-10-05T22:24:41.499+0000] {dag.py:3229} INFO - Sync 1 DAGs
[2025-10-05T22:24:41.503+0000] {logging_mixin.py:190} INFO - [2025-10-05T22:24:41.503+0000] {dag.py:3252} INFO - Creating ORM DAG for StockAnalysis
[2025-10-05T22:24:41.508+0000] {logging_mixin.py:190} INFO - [2025-10-05T22:24:41.508+0000] {dag.py:4156} INFO - Setting next_dagrun for StockAnalysis to 2025-10-04 02:30:00+00:00, run_after=2025-10-05 02:30:00+00:00
[2025-10-05T22:24:41.514+0000] {processor.py:208} INFO - Processing /opt/airflow/dags/StockAnalysis_Assignment.py took 0.085 seconds
[2025-10-05T22:25:11.925+0000] {processor.py:186} INFO - Started process (PID=42827) to work on /opt/airflow/dags/StockAnalysis_Assignment.py
[2025-10-05T22:25:11.926+0000] {processor.py:914} INFO - Processing file /opt/airflow/dags/StockAnalysis_Assignment.py for tasks to queue
[2025-10-05T22:25:11.927+0000] {logging_mixin.py:190} INFO - [2025-10-05T22:25:11.927+0000] {dagbag.py:587} INFO - Filling up the DagBag from /opt/airflow/dags/StockAnalysis_Assignment.py
[2025-10-05T22:25:11.936+0000] {processor.py:925} INFO - DAG(s) 'StockAnalysis' retrieved from /opt/airflow/dags/StockAnalysis_Assignment.py
[2025-10-05T22:25:11.951+0000] {logging_mixin.py:190} INFO - [2025-10-05T22:25:11.951+0000] {dag.py:3229} INFO - Sync 1 DAGs
[2025-10-05T22:25:11.961+0000] {logging_mixin.py:190} INFO - [2025-10-05T22:25:11.961+0000] {dag.py:4156} INFO - Setting next_dagrun for StockAnalysis to 2025-10-04 02:30:00+00:00, run_after=2025-10-05 02:30:00+00:00
[2025-10-05T22:25:11.967+0000] {processor.py:208} INFO - Processing /opt/airflow/dags/StockAnalysis_Assignment.py took 0.049 seconds
[2025-10-05T22:25:42.465+0000] {processor.py:186} INFO - Started process (PID=42848) to work on /opt/airflow/dags/StockAnalysis_Assignment.py
[2025-10-05T22:25:42.467+0000] {processor.py:914} INFO - Processing file /opt/airflow/dags/StockAnalysis_Assignment.py for tasks to queue
[2025-10-05T22:25:42.468+0000] {logging_mixin.py:190} INFO - [2025-10-05T22:25:42.467+0000] {dagbag.py:587} INFO - Filling up the DagBag from /opt/airflow/dags/StockAnalysis_Assignment.py
[2025-10-05T22:25:42.477+0000] {processor.py:925} INFO - DAG(s) 'StockAnalysis' retrieved from /opt/airflow/dags/StockAnalysis_Assignment.py
[2025-10-05T22:25:42.494+0000] {logging_mixin.py:190} INFO - [2025-10-05T22:25:42.494+0000] {dag.py:3229} INFO - Sync 1 DAGs
[2025-10-05T22:25:42.505+0000] {logging_mixin.py:190} INFO - [2025-10-05T22:25:42.505+0000] {dag.py:4156} INFO - Setting next_dagrun for StockAnalysis to 2025-10-04 02:30:00+00:00, run_after=2025-10-05 02:30:00+00:00
[2025-10-05T22:25:42.512+0000] {processor.py:208} INFO - Processing /opt/airflow/dags/StockAnalysis_Assignment.py took 0.058 seconds
[2025-10-05T22:26:12.873+0000] {processor.py:186} INFO - Started process (PID=42869) to work on /opt/airflow/dags/StockAnalysis_Assignment.py
[2025-10-05T22:26:12.874+0000] {processor.py:914} INFO - Processing file /opt/airflow/dags/StockAnalysis_Assignment.py for tasks to queue
[2025-10-05T22:26:12.875+0000] {logging_mixin.py:190} INFO - [2025-10-05T22:26:12.875+0000] {dagbag.py:587} INFO - Filling up the DagBag from /opt/airflow/dags/StockAnalysis_Assignment.py
[2025-10-05T22:26:12.883+0000] {processor.py:925} INFO - DAG(s) 'StockAnalysis' retrieved from /opt/airflow/dags/StockAnalysis_Assignment.py
[2025-10-05T22:26:12.898+0000] {logging_mixin.py:190} INFO - [2025-10-05T22:26:12.898+0000] {dag.py:3229} INFO - Sync 1 DAGs
[2025-10-05T22:26:12.908+0000] {logging_mixin.py:190} INFO - [2025-10-05T22:26:12.908+0000] {dag.py:4156} INFO - Setting next_dagrun for StockAnalysis to 2025-10-04 02:30:00+00:00, run_after=2025-10-05 02:30:00+00:00
[2025-10-05T22:26:12.914+0000] {processor.py:208} INFO - Processing /opt/airflow/dags/StockAnalysis_Assignment.py took 0.046 seconds
